#
# There is insufficient memory for the Java Runtime Environment to continue.
# Native memory allocation (mmap) failed to map 65011712 bytes for G1 virtual space
# Possible reasons:
#   The system is out of physical RAM or swap space
#   The process is running with CompressedOops enabled, and the Java Heap may be blocking the growth of the native heap
# Possible solutions:
#   Reduce memory load on the system
#   Increase physical memory or swap space
#   Check if swap backing store is full
#   Decrease Java heap size (-Xmx/-Xms)
#   Decrease number of Java threads
#   Decrease Java thread stack sizes (-Xss)
#   Set larger code cache with -XX:ReservedCodeCacheSize=
#   JVM is running with Unscaled Compressed Oops mode in which the Java heap is
#     placed in the first 4GB address space. The Java Heap base address is the
#     maximum limit for the native heap growth. Please use -XX:HeapBaseMinAddress
#     to set the Java Heap base and to place the Java Heap above 4GB virtual address.
# This output file may be truncated or incomplete.
#
#  Out of Memory Error (os_windows.cpp:3548), pid=23192, tid=4372
#
# JRE version:  (17.0.12+8) (build )
# Java VM: Java HotSpot(TM) 64-Bit Server VM (17.0.12+8-LTS-286, mixed mode, sharing, tiered, compressed oops, compressed class ptrs, g1 gc, windows-amd64)
# No core dump will be written. Minidumps are not enabled by default on client versions of Windows
#

---------------  S U M M A R Y ------------

Command Line: -Dnet.bytebuddy.agent.attacher.dump= net.bytebuddy.agent.Attacher com.sun.tools.attach.VirtualMachine 18356 C:\Users\famil\.m2\repository\net\bytebuddy\byte-buddy-agent\1.17.5\byte-buddy-agent-1.17.5.jar false 

Host: Intel(R) Core(TM) i3-10110U CPU @ 2.10GHz, 4 cores, 3G,  Windows 11 , 64 bit Build 26100 (10.0.26100.4202)
Time: Sat Jun 14 09:41:57 2025 Hora oficial do Brasil elapsed time: 0.116776 seconds (0d 0h 0m 0s)

---------------  T H R E A D  ---------------

Current thread (0x0000021d8e12f770):  JavaThread "Unknown thread" [_thread_in_vm, id=4372, stack(0x000000cb3fe00000,0x000000cb3ff00000)]

Stack: [0x000000cb3fe00000,0x000000cb3ff00000]
Native frames: (J=compiled Java code, j=interpreted, Vv=VM code, C=native code)
V  [jvm.dll+0x67a04a]
V  [jvm.dll+0x7da4ed]
V  [jvm.dll+0x7dbe33]
V  [jvm.dll+0x7dc4a3]
V  [jvm.dll+0x24508f]
V  [jvm.dll+0x677089]
V  [jvm.dll+0x66bd32]
V  [jvm.dll+0x301fa6]
V  [jvm.dll+0x309546]
V  [jvm.dll+0x359d2e]
V  [jvm.dll+0x359f5f]
V  [jvm.dll+0x2d9078]
V  [jvm.dll+0x2d9fe4]
V  [jvm.dll+0x7aca21]
V  [jvm.dll+0x367591]
V  [jvm.dll+0x78b999]
V  [jvm.dll+0x3ec83f]
V  [jvm.dll+0x3ee471]
C  [jli.dll+0x5297]
C  [ucrtbase.dll+0x37b0]
C  [KERNEL32.DLL+0x2e8d7]
C  [ntdll.dll+0x3c34c]


---------------  P R O C E S S  ---------------

Threads class SMR info:
_java_thread_list=0x00007ffac1ab7a18, length=0, elements={
}

Java Threads: ( => current thread )

Other Threads:
  0x0000021d8e16dc90 GCTaskThread "GC Thread#0" [stack: 0x000000cb3ff00000,0x000000cb40000000] [id=22652]
  0x0000021d8e1783c0 ConcurrentGCThread "G1 Main Marker" [stack: 0x000000cb40000000,0x000000cb40100000] [id=14456]
  0x0000021d8e17a420 ConcurrentGCThread "G1 Conc#0" [stack: 0x000000cb40100000,0x000000cb40200000] [id=19636]

[error occurred during error reporting (printing all threads), id 0xc0000005, EXCEPTION_ACCESS_VIOLATION (0xc0000005) at pc=0x00007ffac12e9b67]

VM state: not at safepoint (not fully initialized)

VM Mutex/Monitor currently owned by a thread:  ([mutex/lock_event])
[0x0000021d8e12b920] Heap_lock - owner thread: 0x0000021d8e12f770

Heap address: 0x00000000c2800000, size: 984 MB, Compressed Oops mode: 32-bit

CDS archive(s) mapped at: [0x0000000000000000-0x0000000000000000-0x0000000000000000), size 0, SharedBaseAddress: 0x0000000800000000, ArchiveRelocationMode: 1.
Narrow klass base: 0x0000000000000000, Narrow klass shift: 0, Narrow klass range: 0x0

GC Precious Log:
<Empty>

Heap:
 garbage-first heap   total 0K, used 0K [0x00000000c2800000, 0x0000000100000000)
  region size 1024K, 0 young (0K), 0 survivors (0K)

[error occurred during error reporting (printing heap information), id 0xc0000005, EXCEPTION_ACCESS_VIOLATION (0xc0000005) at pc=0x00007ffac16d3859]

GC Heap History (0 events):
No events

Deoptimization events (0 events):
No events

Classes unloaded (0 events):
No events

Classes redefined (0 events):
No events

Internal exceptions (0 events):
No events

VM Operations (0 events):
No events

Events (1 events):
Event: 0.018 Loaded shared library C:\Program Files\Java\jdk-17\bin\java.dll


Dynamic libraries:
0x00007ff6a16d0000 - 0x00007ff6a16e0000 	C:\Program Files\Java\jdk-17\bin\java.exe
0x00007ffb6f060000 - 0x00007ffb6f2c5000 	C:\WINDOWS\SYSTEM32\ntdll.dll
0x00007ffb6d450000 - 0x00007ffb6d519000 	C:\WINDOWS\System32\KERNEL32.DLL
0x00007ffb6c330000 - 0x00007ffb6c718000 	C:\WINDOWS\System32\KERNELBASE.dll
0x00007ffb6c1b0000 - 0x00007ffb6c2fb000 	C:\WINDOWS\System32\ucrtbase.dll
0x00007ffb610a0000 - 0x00007ffb610b9000 	C:\Program Files\Java\jdk-17\bin\jli.dll
0x00007ffb61460000 - 0x00007ffb6147b000 	C:\Program Files\Java\jdk-17\bin\VCRUNTIME140.dll
0x00007ffb6ce00000 - 0x00007ffb6ceb3000 	C:\WINDOWS\System32\ADVAPI32.dll
0x00007ffb6d3a0000 - 0x00007ffb6d449000 	C:\WINDOWS\System32\msvcrt.dll
0x00007ffb6d230000 - 0x00007ffb6d2d6000 	C:\WINDOWS\System32\sechost.dll
0x00007ffb6ed10000 - 0x00007ffb6ee25000 	C:\WINDOWS\System32\RPCRT4.dll
0x00007ffb6eac0000 - 0x00007ffb6ec8a000 	C:\WINDOWS\System32\USER32.dll
0x00007ffb6c300000 - 0x00007ffb6c327000 	C:\WINDOWS\System32\win32u.dll
0x00007ffb6d370000 - 0x00007ffb6d39b000 	C:\WINDOWS\System32\GDI32.dll
0x00007ffb6c7c0000 - 0x00007ffb6c8f7000 	C:\WINDOWS\System32\gdi32full.dll
0x00007ffb6cd50000 - 0x00007ffb6cdf3000 	C:\WINDOWS\System32\msvcp_win.dll
0x00007ffb4d180000 - 0x00007ffb4d41a000 	C:\WINDOWS\WinSxS\amd64_microsoft.windows.common-controls_6595b64144ccf1df_6.0.26100.4202_none_3e0698d4e335f517\COMCTL32.dll
0x00007ffb62a70000 - 0x00007ffb62a7b000 	C:\WINDOWS\SYSTEM32\VERSION.dll
0x00007ffb6e190000 - 0x00007ffb6e1c0000 	C:\WINDOWS\System32\IMM32.DLL
0x00007ffb65990000 - 0x00007ffb6599c000 	C:\Program Files\Java\jdk-17\bin\vcruntime140_1.dll
0x00007ffb384c0000 - 0x00007ffb3854e000 	C:\Program Files\Java\jdk-17\bin\msvcp140.dll
0x00007ffac1000000 - 0x00007ffac1be0000 	C:\Program Files\Java\jdk-17\bin\server\jvm.dll
0x00007ffb6ec90000 - 0x00007ffb6ec98000 	C:\WINDOWS\System32\PSAPI.DLL
0x00007ffae9540000 - 0x00007ffae954a000 	C:\WINDOWS\SYSTEM32\WSOCK32.dll
0x00007ffb51cc0000 - 0x00007ffb51cf5000 	C:\WINDOWS\SYSTEM32\WINMM.dll
0x00007ffb6e110000 - 0x00007ffb6e184000 	C:\WINDOWS\System32\WS2_32.dll
0x00007ffb6af70000 - 0x00007ffb6af8b000 	C:\WINDOWS\SYSTEM32\kernel.appcore.dll
0x00007ffb658b0000 - 0x00007ffb658ba000 	C:\Program Files\Java\jdk-17\bin\jimage.dll
0x00007ffb69960000 - 0x00007ffb69ba1000 	C:\WINDOWS\SYSTEM32\DBGHELP.DLL
0x00007ffb6e710000 - 0x00007ffb6ea95000 	C:\WINDOWS\System32\combase.dll
0x00007ffb6d040000 - 0x00007ffb6d121000 	C:\WINDOWS\System32\OLEAUT32.dll
0x00007ffb42f70000 - 0x00007ffb42fa9000 	C:\WINDOWS\SYSTEM32\dbgcore.DLL
0x00007ffb6c720000 - 0x00007ffb6c7b9000 	C:\WINDOWS\System32\bcryptPrimitives.dll
0x00007ffb40620000 - 0x00007ffb40645000 	C:\Program Files\Java\jdk-17\bin\java.dll

dbghelp: loaded successfully - version: 4.0.5 - missing functions: none
symbol engine: initialized successfully - sym options: 0x614 - pdb path: .;C:\Program Files\Java\jdk-17\bin;C:\WINDOWS\SYSTEM32;C:\WINDOWS\WinSxS\amd64_microsoft.windows.common-controls_6595b64144ccf1df_6.0.26100.4202_none_3e0698d4e335f517;C:\Program Files\Java\jdk-17\bin\server

VM Arguments:
jvm_args: -Dnet.bytebuddy.agent.attacher.dump= 
java_command: net.bytebuddy.agent.Attacher com.sun.tools.attach.VirtualMachine 18356 C:\Users\famil\.m2\repository\net\bytebuddy\byte-buddy-agent\1.17.5\byte-buddy-agent-1.17.5.jar false 
java_class_path (initial): C:\Users\famil\.m2\repository\net\bytebuddy\byte-buddy-agent\1.17.5\byte-buddy-agent-1.17.5.jar
Launcher Type: SUN_STANDARD

[Global flags]
     intx CICompilerCount                          = 3                                         {product} {ergonomic}
     uint ConcGCThreads                            = 1                                         {product} {ergonomic}
     uint G1ConcRefinementThreads                  = 4                                         {product} {ergonomic}
   size_t G1HeapRegionSize                         = 1048576                                   {product} {ergonomic}
    uintx GCDrainStackTargetSize                   = 64                                        {product} {ergonomic}
   size_t InitialHeapSize                          = 65011712                                  {product} {ergonomic}
   size_t MarkStackSize                            = 4194304                                   {product} {ergonomic}
   size_t MaxHeapSize                              = 1031798784                                {product} {ergonomic}
   size_t MinHeapDeltaBytes                        = 1048576                                   {product} {ergonomic}
   size_t MinHeapSize                              = 8388608                                   {product} {ergonomic}
    uintx NonNMethodCodeHeapSize                   = 5832780                                {pd product} {ergonomic}
    uintx NonProfiledCodeHeapSize                  = 122912730                              {pd product} {ergonomic}
    uintx ProfiledCodeHeapSize                     = 122912730                              {pd product} {ergonomic}
    uintx ReservedCodeCacheSize                    = 251658240                              {pd product} {ergonomic}
     bool SegmentedCodeCache                       = true                                      {product} {ergonomic}
   size_t SoftMaxHeapSize                          = 1031798784                             {manageable} {ergonomic}
     bool UseCompressedClassPointers               = true                           {product lp64_product} {ergonomic}
     bool UseCompressedOops                        = true                           {product lp64_product} {ergonomic}
     bool UseG1GC                                  = true                                      {product} {ergonomic}
     bool UseLargePagesIndividualAllocation        = false                                  {pd product} {ergonomic}

Logging:
Log output configuration:
 #0: stdout all=warning uptime,level,tags
 #1: stderr all=off uptime,level,tags

Environment Variables:
JAVA_HOME=C:\Program Files\Java\jdk-17
PATH=C:\Program Files\Common Files\Oracle\Java\javapath;C:\Program Files\Java\jdk-17\bin;C:\WINDOWS\system32;C:\WINDOWS;C:\WINDOWS\System32\Wbem;C:\WINDOWS\System32\WindowsPowerShell\v1.0\;C:\WINDOWS\System32\OpenSSH\;C:\Program Files (x86)\Microsoft SQL Server\160\Tools\Binn\;C:\Program Files\Microsoft SQL Server\160\Tools\Binn\;C:\Program Files\Microsoft SQL Server\Client SDK\ODBC\170\Tools\Binn\;C:\Program Files\Microsoft SQL Server\160\DTS\Binn\;C:\Program Files (x86)\Microsoft SQL Server\160\DTS\Binn\;C:\apache-maven-3.9.9\bin;C:\Program Files\Java\jdk-24\bin;C:\Program Files\Git\cmd;C:\Users\famil\AppData\Local\Programs\Python\Launcher\;C:\Users\famil\AppData\Local\Microsoft\WindowsApps;C:\Users\famil\AppData\Local\Programs\Microsoft VS Code\bin;C:\Program Files\JetBrains\IntelliJ IDEA 2024.3.2.2\bin;;C:\Program Files\Java\jdk-17\bin;
USERNAME=famil
OS=Windows_NT
PROCESSOR_IDENTIFIER=Intel64 Family 6 Model 142 Stepping 12, GenuineIntel



---------------  S Y S T E M  ---------------

OS:
 Windows 11 , 64 bit Build 26100 (10.0.26100.4202)
OS uptime: 2 days 4:34 hours

CPU: total 4 (initial active 4) (2 cores per cpu, 2 threads per core) family 6 model 142 stepping 12 microcode 0xea, cx8, cmov, fxsr, ht, mmx, 3dnowpref, sse, sse2, sse3, ssse3, sse4.1, sse4.2, popcnt, lzcnt, tsc, tscinvbit, avx, avx2, aes, erms, clmul, bmi1, bmi2, adx, fma, vzeroupper, clflush, clflushopt

Memory: 4k page, system-wide physical 3930M (235M free)
TotalPageFile size 16218M (AvailPageFile size 11M)
current process WorkingSet (physical memory assigned to process): 11M, peak: 11M
current process commit charge ("private bytes"): 51M, peak: 113M

vm_info: Java HotSpot(TM) 64-Bit Server VM (17.0.12+8-LTS-286) for windows-amd64 JRE (17.0.12+8-LTS-286), built on Jun  5 2024 06:46:59 by "mach5one" with MS VC++ 17.6 (VS2022)

END.
