#
# There is insufficient memory for the Java Runtime Environment to continue.
# Native memory allocation (malloc) failed to allocate 1084000 bytes for Chunk::new
# Possible reasons:
#   The system is out of physical RAM or swap space
#   The process is running with CompressedOops enabled, and the Java Heap may be blocking the growth of the native heap
# Possible solutions:
#   Reduce memory load on the system
#   Increase physical memory or swap space
#   Check if swap backing store is full
#   Decrease Java heap size (-Xmx/-Xms)
#   Decrease number of Java threads
#   Decrease Java thread stack sizes (-Xss)
#   Set larger code cache with -XX:ReservedCodeCacheSize=
#   JVM is running with Unscaled Compressed Oops mode in which the Java heap is
#     placed in the first 4GB address space. The Java Heap base address is the
#     maximum limit for the native heap growth. Please use -XX:HeapBaseMinAddress
#     to set the Java Heap base and to place the Java Heap above 4GB virtual address.
# This output file may be truncated or incomplete.
#
#  Out of Memory Error (arena.cpp:189), pid=14552, tid=11692
#
# JRE version: Java(TM) SE Runtime Environment (17.0.12+8) (build 17.0.12+8-LTS-286)
# Java VM: Java HotSpot(TM) 64-Bit Server VM (17.0.12+8-LTS-286, mixed mode, sharing, tiered, compressed oops, compressed class ptrs, g1 gc, windows-amd64)
# No core dump will be written. Minidumps are not enabled by default on client versions of Windows
#

---------------  S U M M A R Y ------------

Command Line: -Dclassworlds.conf=C:\apache-maven-3.9.9\bin\m2.conf -Dmaven.home=C:\apache-maven-3.9.9 -Dlibrary.jansi.path=C:\apache-maven-3.9.9\lib\jansi-native -Dmaven.multiModuleProjectDirectory=C:\Users\famil\Downloads\CatalogoDeLivro\CatalogoDeLivro org.codehaus.plexus.classworlds.launcher.Launcher spring-boot:run

Host: Intel(R) Core(TM) i3-10110U CPU @ 2.10GHz, 4 cores, 3G,  Windows 11 , 64 bit Build 26100 (10.0.26100.4202)
Time: Sat Jun 14 10:18:31 2025 Hora oficial do Brasil elapsed time: 5.600128 seconds (0d 0h 0m 5s)

---------------  T H R E A D  ---------------

Current thread (0x000001943692c4c0):  JavaThread "C2 CompilerThread0" daemon [_thread_in_native, id=11692, stack(0x00000021aaa00000,0x00000021aab00000)]


Current CompileTask:
C2:   5600 1767   !   4       java.net.URL::<init> (543 bytes)

Stack: [0x00000021aaa00000,0x00000021aab00000]
Native frames: (J=compiled Java code, j=interpreted, Vv=VM code, C=native code)
V  [jvm.dll+0x67a04a]
V  [jvm.dll+0x7da4ed]
V  [jvm.dll+0x7dbe33]
V  [jvm.dll+0x7dc4a3]
V  [jvm.dll+0x24508f]
V  [jvm.dll+0xab773]
V  [jvm.dll+0xabd3c]
V  [jvm.dll+0x361bee]
V  [jvm.dll+0x1ba64a]
V  [jvm.dll+0x216997]
V  [jvm.dll+0x215c6f]
V  [jvm.dll+0x1a2960]
V  [jvm.dll+0x22610b]
V  [jvm.dll+0x2242ab]
V  [jvm.dll+0x79075c]
V  [jvm.dll+0x78abea]
V  [jvm.dll+0x678f35]
C  [ucrtbase.dll+0x37b0]
C  [KERNEL32.DLL+0x2e8d7]
C  [ntdll.dll+0x3c34c]


---------------  P R O C E S S  ---------------

Threads class SMR info:
_java_thread_list=0x0000019436e78e40, length=12, elements={
0x000001941b7704c0, 0x000001941b838e20, 0x000001941b83a180, 0x0000019436921320,
0x0000019436923df0, 0x0000019436926f90, 0x000001943692b120, 0x000001943692c4c0,
0x0000019436932200, 0x00000194369332b0, 0x0000019436bc6680, 0x0000019436bced30
}

Java Threads: ( => current thread )
  0x000001941b7704c0 JavaThread "main" [_thread_in_vm, id=3916, stack(0x00000021a9d00000,0x00000021a9e00000)]
  0x000001941b838e20 JavaThread "Reference Handler" daemon [_thread_blocked, id=16740, stack(0x00000021aa400000,0x00000021aa500000)]
  0x000001941b83a180 JavaThread "Finalizer" daemon [_thread_blocked, id=20816, stack(0x00000021aa500000,0x00000021aa600000)]
  0x0000019436921320 JavaThread "Signal Dispatcher" daemon [_thread_blocked, id=15236, stack(0x00000021aa600000,0x00000021aa700000)]
  0x0000019436923df0 JavaThread "Attach Listener" daemon [_thread_blocked, id=288, stack(0x00000021aa700000,0x00000021aa800000)]
  0x0000019436926f90 JavaThread "Service Thread" daemon [_thread_blocked, id=18256, stack(0x00000021aa800000,0x00000021aa900000)]
  0x000001943692b120 JavaThread "Monitor Deflation Thread" daemon [_thread_blocked, id=19140, stack(0x00000021aa900000,0x00000021aaa00000)]
=>0x000001943692c4c0 JavaThread "C2 CompilerThread0" daemon [_thread_in_native, id=11692, stack(0x00000021aaa00000,0x00000021aab00000)]
  0x0000019436932200 JavaThread "C1 CompilerThread0" daemon [_thread_blocked, id=20488, stack(0x00000021aab00000,0x00000021aac00000)]
  0x00000194369332b0 JavaThread "Sweeper thread" daemon [_thread_blocked, id=21996, stack(0x00000021aac00000,0x00000021aad00000)]
  0x0000019436bc6680 JavaThread "Notification Thread" daemon [_thread_blocked, id=3904, stack(0x00000021aad00000,0x00000021aae00000)]
  0x0000019436bced30 JavaThread "Common-Cleaner" daemon [_thread_blocked, id=4268, stack(0x00000021aaf00000,0x00000021ab000000)]

Other Threads:
  0x000001941b8327d0 VMThread "VM Thread" [stack: 0x00000021aa300000,0x00000021aa400000] [id=1404]
  0x000001941b7c9990 WatcherThread [stack: 0x00000021aae00000,0x00000021aaf00000] [id=22976]
  0x000001941b7ab690 GCTaskThread "GC Thread#0" [stack: 0x00000021a9e00000,0x00000021a9f00000] [id=21076]
  0x000001947c52a5f0 GCTaskThread "GC Thread#1" [stack: 0x00000021ab000000,0x00000021ab100000] [id=23472]
  0x000001947c2831b0 GCTaskThread "GC Thread#2" [stack: 0x00000021ab100000,0x00000021ab200000] [id=15248]
  0x000001947c529a00 GCTaskThread "GC Thread#3" [stack: 0x00000021ab200000,0x00000021ab300000] [id=18996]
  0x000001941b7b7560 ConcurrentGCThread "G1 Main Marker" [stack: 0x00000021a9f00000,0x00000021aa000000] [id=15804]
  0x000001941b7b7f70 ConcurrentGCThread "G1 Conc#0" [stack: 0x00000021aa000000,0x00000021aa100000] [id=10332]
  0x000001941b7f7df0 ConcurrentGCThread "G1 Refine#0" [stack: 0x00000021aa100000,0x00000021aa200000] [id=21468]
  0x000001941b7f96d0 ConcurrentGCThread "G1 Service" [stack: 0x00000021aa200000,0x00000021aa300000] [id=18168]

Threads with active compile tasks:
C2 CompilerThread0     5663 1767   !   4       java.net.URL::<init> (543 bytes)
C1 CompilerThread0     5663 2053       2       com.google.inject.internal.asm.$SymbolTable::addConstantMemberReference (147 bytes)

VM state: not at safepoint (normal execution)

VM Mutex/Monitor currently owned by a thread: None

Heap address: 0x00000000c2800000, size: 984 MB, Compressed Oops mode: 32-bit

CDS archive(s) mapped at: [0x0000019437000000-0x0000019437bd0000-0x0000019437bd0000), size 12386304, SharedBaseAddress: 0x0000019437000000, ArchiveRelocationMode: 1.
Compressed class space mapped at: 0x0000019438000000-0x0000019478000000, reserved size: 1073741824
Narrow klass base: 0x0000019437000000, Narrow klass shift: 0, Narrow klass range: 0x100000000

GC Precious Log:
 CPUs: 4 total, 4 available
 Memory: 3930M
 Large Page Support: Disabled
 NUMA Support: Disabled
 Compressed Oops: Enabled (32-bit)
 Heap Region Size: 1M
 Heap Min Capacity: 8M
 Heap Initial Capacity: 62M
 Heap Max Capacity: 984M
 Pre-touch: Disabled
 Parallel Workers: 4
 Concurrent Workers: 1
 Concurrent Refinement Workers: 4
 Periodic GC: Disabled

Heap:
 garbage-first heap   total 63488K, used 36554K [0x00000000c2800000, 0x0000000100000000)
  region size 1024K, 34 young (34816K), 1 survivors (1024K)
 Metaspace       used 11381K, committed 11584K, reserved 1114112K
  class space    used 1403K, committed 1472K, reserved 1048576K

Heap Regions: E=young(eden), S=young(survivor), O=old, HS=humongous(starts), HC=humongous(continues), CS=collection set, F=free, OA=open archive, CA=closed archive, TAMS=top-at-mark-start (previous, next)
|   0|0x00000000c2800000, 0x00000000c2900000, 0x00000000c2900000|100%| O|  |TAMS 0x00000000c2800000, 0x00000000c2800000| Untracked 
|   1|0x00000000c2900000, 0x00000000c2a00000, 0x00000000c2a00000|100%| O|  |TAMS 0x00000000c2900000, 0x00000000c2900000| Untracked 
|   2|0x00000000c2a00000, 0x00000000c2b00000, 0x00000000c2b00000|100%| O|  |TAMS 0x00000000c2a00000, 0x00000000c2a00000| Untracked 
|   3|0x00000000c2b00000, 0x00000000c2b19c00, 0x00000000c2c00000| 10%| O|  |TAMS 0x00000000c2b00000, 0x00000000c2b00000| Untracked 
|   4|0x00000000c2c00000, 0x00000000c2c00000, 0x00000000c2d00000|  0%| F|  |TAMS 0x00000000c2c00000, 0x00000000c2c00000| Untracked 
|   5|0x00000000c2d00000, 0x00000000c2d00000, 0x00000000c2e00000|  0%| F|  |TAMS 0x00000000c2d00000, 0x00000000c2d00000| Untracked 
|   6|0x00000000c2e00000, 0x00000000c2e00000, 0x00000000c2f00000|  0%| F|  |TAMS 0x00000000c2e00000, 0x00000000c2e00000| Untracked 
|   7|0x00000000c2f00000, 0x00000000c2f00000, 0x00000000c3000000|  0%| F|  |TAMS 0x00000000c2f00000, 0x00000000c2f00000| Untracked 
|   8|0x00000000c3000000, 0x00000000c3000000, 0x00000000c3100000|  0%| F|  |TAMS 0x00000000c3000000, 0x00000000c3000000| Untracked 
|   9|0x00000000c3100000, 0x00000000c3100000, 0x00000000c3200000|  0%| F|  |TAMS 0x00000000c3100000, 0x00000000c3100000| Untracked 
|  10|0x00000000c3200000, 0x00000000c3200000, 0x00000000c3300000|  0%| F|  |TAMS 0x00000000c3200000, 0x00000000c3200000| Untracked 
|  11|0x00000000c3300000, 0x00000000c3300000, 0x00000000c3400000|  0%| F|  |TAMS 0x00000000c3300000, 0x00000000c3300000| Untracked 
|  12|0x00000000c3400000, 0x00000000c3400000, 0x00000000c3500000|  0%| F|  |TAMS 0x00000000c3400000, 0x00000000c3400000| Untracked 
|  13|0x00000000c3500000, 0x00000000c3500000, 0x00000000c3600000|  0%| F|  |TAMS 0x00000000c3500000, 0x00000000c3500000| Untracked 
|  14|0x00000000c3600000, 0x00000000c3600000, 0x00000000c3700000|  0%| F|  |TAMS 0x00000000c3600000, 0x00000000c3600000| Untracked 
|  15|0x00000000c3700000, 0x00000000c3700000, 0x00000000c3800000|  0%| F|  |TAMS 0x00000000c3700000, 0x00000000c3700000| Untracked 
|  16|0x00000000c3800000, 0x00000000c3800000, 0x00000000c3900000|  0%| F|  |TAMS 0x00000000c3800000, 0x00000000c3800000| Untracked 
|  17|0x00000000c3900000, 0x00000000c3900000, 0x00000000c3a00000|  0%| F|  |TAMS 0x00000000c3900000, 0x00000000c3900000| Untracked 
|  18|0x00000000c3a00000, 0x00000000c3a00000, 0x00000000c3b00000|  0%| F|  |TAMS 0x00000000c3a00000, 0x00000000c3a00000| Untracked 
|  19|0x00000000c3b00000, 0x00000000c3b00000, 0x00000000c3c00000|  0%| F|  |TAMS 0x00000000c3b00000, 0x00000000c3b00000| Untracked 
|  20|0x00000000c3c00000, 0x00000000c3c00000, 0x00000000c3d00000|  0%| F|  |TAMS 0x00000000c3c00000, 0x00000000c3c00000| Untracked 
|  21|0x00000000c3d00000, 0x00000000c3d00000, 0x00000000c3e00000|  0%| F|  |TAMS 0x00000000c3d00000, 0x00000000c3d00000| Untracked 
|  22|0x00000000c3e00000, 0x00000000c3e00000, 0x00000000c3f00000|  0%| F|  |TAMS 0x00000000c3e00000, 0x00000000c3e00000| Untracked 
|  23|0x00000000c3f00000, 0x00000000c3f00000, 0x00000000c4000000|  0%| F|  |TAMS 0x00000000c3f00000, 0x00000000c3f00000| Untracked 
|  24|0x00000000c4000000, 0x00000000c4000000, 0x00000000c4100000|  0%| F|  |TAMS 0x00000000c4000000, 0x00000000c4000000| Untracked 
|  25|0x00000000c4100000, 0x00000000c4100000, 0x00000000c4200000|  0%| F|  |TAMS 0x00000000c4100000, 0x00000000c4100000| Untracked 
|  26|0x00000000c4200000, 0x00000000c4200000, 0x00000000c4300000|  0%| F|  |TAMS 0x00000000c4200000, 0x00000000c4200000| Untracked 
|  27|0x00000000c4300000, 0x00000000c4380800, 0x00000000c4400000| 50%| E|  |TAMS 0x00000000c4300000, 0x00000000c4300000| Complete 
|  28|0x00000000c4400000, 0x00000000c4500000, 0x00000000c4500000|100%| E|CS|TAMS 0x00000000c4400000, 0x00000000c4400000| Complete 
|  29|0x00000000c4500000, 0x00000000c4600000, 0x00000000c4600000|100%| E|CS|TAMS 0x00000000c4500000, 0x00000000c4500000| Complete 
|  30|0x00000000c4600000, 0x00000000c4700000, 0x00000000c4700000|100%| E|CS|TAMS 0x00000000c4600000, 0x00000000c4600000| Complete 
|  31|0x00000000c4700000, 0x00000000c4800000, 0x00000000c4800000|100%| E|CS|TAMS 0x00000000c4700000, 0x00000000c4700000| Complete 
|  32|0x00000000c4800000, 0x00000000c4900000, 0x00000000c4900000|100%| E|CS|TAMS 0x00000000c4800000, 0x00000000c4800000| Complete 
|  33|0x00000000c4900000, 0x00000000c4a00000, 0x00000000c4a00000|100%| E|CS|TAMS 0x00000000c4900000, 0x00000000c4900000| Complete 
|  34|0x00000000c4a00000, 0x00000000c4b00000, 0x00000000c4b00000|100%| E|CS|TAMS 0x00000000c4a00000, 0x00000000c4a00000| Complete 
|  35|0x00000000c4b00000, 0x00000000c4c00000, 0x00000000c4c00000|100%| E|CS|TAMS 0x00000000c4b00000, 0x00000000c4b00000| Complete 
|  36|0x00000000c4c00000, 0x00000000c4d00000, 0x00000000c4d00000|100%| E|CS|TAMS 0x00000000c4c00000, 0x00000000c4c00000| Complete 
|  37|0x00000000c4d00000, 0x00000000c4e00000, 0x00000000c4e00000|100%| E|CS|TAMS 0x00000000c4d00000, 0x00000000c4d00000| Complete 
|  38|0x00000000c4e00000, 0x00000000c4f00000, 0x00000000c4f00000|100%| E|CS|TAMS 0x00000000c4e00000, 0x00000000c4e00000| Complete 
|  39|0x00000000c4f00000, 0x00000000c5000000, 0x00000000c5000000|100%| E|CS|TAMS 0x00000000c4f00000, 0x00000000c4f00000| Complete 
|  40|0x00000000c5000000, 0x00000000c5100000, 0x00000000c5100000|100%| E|CS|TAMS 0x00000000c5000000, 0x00000000c5000000| Complete 
|  41|0x00000000c5100000, 0x00000000c5200000, 0x00000000c5200000|100%| E|CS|TAMS 0x00000000c5100000, 0x00000000c5100000| Complete 
|  42|0x00000000c5200000, 0x00000000c5300000, 0x00000000c5300000|100%| E|CS|TAMS 0x00000000c5200000, 0x00000000c5200000| Complete 
|  43|0x00000000c5300000, 0x00000000c5400000, 0x00000000c5400000|100%| E|CS|TAMS 0x00000000c5300000, 0x00000000c5300000| Complete 
|  44|0x00000000c5400000, 0x00000000c5500000, 0x00000000c5500000|100%| E|CS|TAMS 0x00000000c5400000, 0x00000000c5400000| Complete 
|  45|0x00000000c5500000, 0x00000000c5598fa0, 0x00000000c5600000| 59%| S|CS|TAMS 0x00000000c5500000, 0x00000000c5500000| Complete 
|  46|0x00000000c5600000, 0x00000000c5700000, 0x00000000c5700000|100%| E|CS|TAMS 0x00000000c5600000, 0x00000000c5600000| Complete 
|  47|0x00000000c5700000, 0x00000000c5800000, 0x00000000c5800000|100%| E|CS|TAMS 0x00000000c5700000, 0x00000000c5700000| Complete 
|  48|0x00000000c5800000, 0x00000000c5900000, 0x00000000c5900000|100%| E|CS|TAMS 0x00000000c5800000, 0x00000000c5800000| Complete 
|  49|0x00000000c5900000, 0x00000000c5a00000, 0x00000000c5a00000|100%| E|CS|TAMS 0x00000000c5900000, 0x00000000c5900000| Complete 
|  50|0x00000000c5a00000, 0x00000000c5b00000, 0x00000000c5b00000|100%| E|CS|TAMS 0x00000000c5a00000, 0x00000000c5a00000| Complete 
|  51|0x00000000c5b00000, 0x00000000c5c00000, 0x00000000c5c00000|100%| E|CS|TAMS 0x00000000c5b00000, 0x00000000c5b00000| Complete 
|  52|0x00000000c5c00000, 0x00000000c5d00000, 0x00000000c5d00000|100%| E|CS|TAMS 0x00000000c5c00000, 0x00000000c5c00000| Complete 
|  53|0x00000000c5d00000, 0x00000000c5e00000, 0x00000000c5e00000|100%| E|CS|TAMS 0x00000000c5d00000, 0x00000000c5d00000| Complete 
|  54|0x00000000c5e00000, 0x00000000c5f00000, 0x00000000c5f00000|100%| E|CS|TAMS 0x00000000c5e00000, 0x00000000c5e00000| Complete 
|  55|0x00000000c5f00000, 0x00000000c6000000, 0x00000000c6000000|100%| E|CS|TAMS 0x00000000c5f00000, 0x00000000c5f00000| Complete 
|  56|0x00000000c6000000, 0x00000000c6100000, 0x00000000c6100000|100%| E|CS|TAMS 0x00000000c6000000, 0x00000000c6000000| Complete 
|  57|0x00000000c6100000, 0x00000000c6200000, 0x00000000c6200000|100%| E|CS|TAMS 0x00000000c6100000, 0x00000000c6100000| Complete 
|  58|0x00000000c6200000, 0x00000000c6300000, 0x00000000c6300000|100%| E|CS|TAMS 0x00000000c6200000, 0x00000000c6200000| Complete 
|  59|0x00000000c6300000, 0x00000000c6400000, 0x00000000c6400000|100%| E|CS|TAMS 0x00000000c6300000, 0x00000000c6300000| Complete 
|  60|0x00000000c6400000, 0x00000000c6500000, 0x00000000c6500000|100%| E|CS|TAMS 0x00000000c6400000, 0x00000000c6400000| Complete 
|  61|0x00000000c6500000, 0x00000000c6600000, 0x00000000c6600000|100%| E|CS|TAMS 0x00000000c6500000, 0x00000000c6500000| Complete 

Card table byte_map: [0x0000019432220000,0x0000019432410000] _byte_map_base: 0x0000019431c0c000

Marking Bits (Prev, Next): (CMBitMap*) 0x000001941b7abcb0, (CMBitMap*) 0x000001941b7abcf0
 Prev Bits: [0x0000019432600000, 0x0000019433560000)
 Next Bits: [0x0000019433560000, 0x00000194344c0000)

Polling page: 0x00000194198f0000

Metaspace:

Usage:
  Non-class:      9.75 MB used.
      Class:      1.37 MB used.
       Both:     11.12 MB used.

Virtual space:
  Non-class space:       64.00 MB reserved,       9.88 MB ( 15%) committed,  1 nodes.
      Class space:        1.00 GB reserved,       1.44 MB ( <1%) committed,  1 nodes.
             Both:        1.06 GB reserved,      11.31 MB (  1%) committed. 

Chunk freelists:
   Non-Class:  4.72 MB
       Class:  14.58 MB
        Both:  19.30 MB

MaxMetaspaceSize: unlimited
CompressedClassSpaceSize: 1.00 GB
Initial GC threshold: 21.00 MB
Current GC threshold: 21.00 MB
CDS: on
MetaspaceReclaimPolicy: balanced
 - commit_granule_bytes: 65536.
 - commit_granule_words: 8192.
 - virtual_space_node_default_size: 8388608.
 - enlarge_chunks_in_place: 1.
 - new_chunks_are_fully_committed: 0.
 - uncommit_free_chunks: 1.
 - use_allocation_guard: 0.
 - handle_deallocations: 1.


Internal statistics:

num_allocs_failed_limit: 0.
num_arena_births: 70.
num_arena_deaths: 0.
num_vsnodes_births: 2.
num_vsnodes_deaths: 0.
num_space_committed: 181.
num_space_uncommitted: 0.
num_chunks_returned_to_freelist: 0.
num_chunks_taken_from_freelist: 464.
num_chunk_merges: 0.
num_chunk_splits: 320.
num_chunks_enlarged: 259.
num_inconsistent_stats: 0.

CodeHeap 'non-profiled nmethods': size=120000Kb used=701Kb max_used=701Kb free=119298Kb
 bounds [0x000001942ab00000, 0x000001942ad70000, 0x0000019432030000]
CodeHeap 'profiled nmethods': size=120000Kb used=4089Kb max_used=4089Kb free=115910Kb
 bounds [0x0000019423030000, 0x0000019423430000, 0x000001942a560000]
CodeHeap 'non-nmethods': size=5760Kb used=1160Kb max_used=1187Kb free=4599Kb
 bounds [0x000001942a560000, 0x000001942a7d0000, 0x000001942ab00000]
 total_blobs=2490 nmethods=2041 adapters=361
 compilation: enabled
              stopped_count=0, restarted_count=0
 full_count=0

Compilation events (20 events):
Event: 5.463 Thread 0x0000019436932200 nmethod 2008 0x0000019423412110 code [0x00000194234122a0, 0x00000194234123b8]
Event: 5.463 Thread 0x0000019436932200 2009       3       java.lang.StringUTF16::checkIndex (9 bytes)
Event: 5.463 Thread 0x0000019436932200 nmethod 2009 0x0000019423412490 code [0x0000019423412640, 0x00000194234127c8]
Event: 5.463 Thread 0x0000019436932200 2010       3       com.google.common.cache.LocalCache$LoadingValueReference::get (10 bytes)
Event: 5.463 Thread 0x0000019436932200 nmethod 2010 0x0000019423412910 code [0x0000019423412ac0, 0x0000019423412c88]
Event: 5.463 Thread 0x0000019436932200 2011       3       com.google.common.cache.LocalCache$LoadingValueReference::isActive (10 bytes)
Event: 5.463 Thread 0x0000019436932200 nmethod 2011 0x0000019423412d90 code [0x0000019423412f40, 0x0000019423413108]
Event: 5.463 Thread 0x0000019436932200 2012       3       com.google.inject.internal.asm.$SymbolTable::addConstantUtf8Reference (101 bytes)
Event: 5.464 Thread 0x0000019436932200 nmethod 2012 0x0000019423413210 code [0x0000019423413420, 0x0000019423413a18]
Event: 5.464 Thread 0x0000019436932200 2013       3       java.lang.StringUTF16::putCharSB (12 bytes)
Event: 5.464 Thread 0x0000019436932200 nmethod 2013 0x0000019423413d90 code [0x0000019423413f40, 0x0000019423414148]
Event: 5.464 Thread 0x0000019436932200 2014       3       com.google.inject.internal.asm.$SymbolTable::addConstantClass (8 bytes)
Event: 5.464 Thread 0x0000019436932200 nmethod 2014 0x0000019423414290 code [0x0000019423414420, 0x0000019423414568]
Event: 5.464 Thread 0x0000019436932200 2015       3       com.google.inject.internal.asm.$SymbolTable$Entry::<init> (17 bytes)
Event: 5.464 Thread 0x0000019436932200 nmethod 2015 0x0000019423414610 code [0x00000194234147c0, 0x0000019423414948]
Event: 5.464 Thread 0x0000019436932200 2016       3       com.google.inject.internal.asm.$Type::getInternalName (12 bytes)
Event: 5.464 Thread 0x0000019436932200 nmethod 2016 0x0000019423414a10 code [0x0000019423414bc0, 0x0000019423414dd8]
Event: 5.465 Thread 0x0000019436932200 2017       3       java.lang.invoke.MethodHandles$Lookup::in (283 bytes)
Event: 5.585 Thread 0x0000019436932200 nmethod 2017 0x0000019423414f10 code [0x0000019423415340, 0x0000019423416e28]
Event: 5.586 Thread 0x0000019436932200 2019       3       java.lang.StringLatin1::canEncode (13 bytes)

GC Heap History (4 events):
Event: 4.464 GC heap before
{Heap before GC invocations=0 (full 0):
 garbage-first heap   total 63488K, used 13312K [0x00000000c2800000, 0x0000000100000000)
  region size 1024K, 13 young (13312K), 0 survivors (0K)
 Metaspace       used 3682K, committed 3904K, reserved 1114112K
  class space    used 406K, committed 512K, reserved 1048576K
}
Event: 4.472 GC heap after
{Heap after GC invocations=1 (full 0):
 garbage-first heap   total 63488K, used 3120K [0x00000000c2800000, 0x0000000100000000)
  region size 1024K, 2 young (2048K), 2 survivors (2048K)
 Metaspace       used 3682K, committed 3904K, reserved 1114112K
  class space    used 406K, committed 512K, reserved 1048576K
}
Event: 4.705 GC heap before
{Heap before GC invocations=1 (full 0):
 garbage-first heap   total 63488K, used 16432K [0x00000000c2800000, 0x0000000100000000)
  region size 1024K, 16 young (16384K), 2 survivors (2048K)
 Metaspace       used 5866K, committed 6080K, reserved 1114112K
  class space    used 707K, committed 832K, reserved 1048576K
}
Event: 4.710 GC heap after
{Heap after GC invocations=2 (full 0):
 garbage-first heap   total 63488K, used 3786K [0x00000000c2800000, 0x0000000100000000)
  region size 1024K, 1 young (1024K), 1 survivors (1024K)
 Metaspace       used 5866K, committed 6080K, reserved 1114112K
  class space    used 707K, committed 832K, reserved 1048576K
}

Deoptimization events (20 events):
Event: 5.181 Thread 0x000001941b7704c0 DEOPT PACKING pc=0x000001942ab720c0 sp=0x00000021a9dfdf30
Event: 5.181 Thread 0x000001941b7704c0 DEOPT UNPACKING pc=0x000001942a5b23a3 sp=0x00000021a9dfdea8 mode 2
Event: 5.182 Thread 0x000001941b7704c0 Uncommon trap: trap_request=0xffffffc6 fr.pc=0x000001942ab720c0 relative=0x0000000000000460
Event: 5.182 Thread 0x000001941b7704c0 Uncommon trap: reason=bimorphic_or_optimized_type_check action=maybe_recompile pc=0x000001942ab720c0 method=java.util.HashMap.getNode(Ljava/lang/Object;)Ljava/util/HashMap$Node; @ 63 c2
Event: 5.182 Thread 0x000001941b7704c0 DEOPT PACKING pc=0x000001942ab720c0 sp=0x00000021a9dfdf30
Event: 5.182 Thread 0x000001941b7704c0 DEOPT UNPACKING pc=0x000001942a5b23a3 sp=0x00000021a9dfdea8 mode 2
Event: 5.331 Thread 0x000001941b7704c0 Uncommon trap: trap_request=0xffffff45 fr.pc=0x000001942ab3b028 relative=0x0000000000000288
Event: 5.331 Thread 0x000001941b7704c0 Uncommon trap: reason=unstable_if action=reinterpret pc=0x000001942ab3b028 method=java.util.concurrent.ConcurrentHashMap.get(Ljava/lang/Object;)Ljava/lang/Object; @ 152 c2
Event: 5.331 Thread 0x000001941b7704c0 DEOPT PACKING pc=0x000001942ab3b028 sp=0x00000021a9dfaf80
Event: 5.331 Thread 0x000001941b7704c0 DEOPT UNPACKING pc=0x000001942a5b23a3 sp=0x00000021a9dfaef8 mode 2
Event: 5.363 Thread 0x000001941b7704c0 Uncommon trap: trap_request=0xffffff45 fr.pc=0x000001942ab9741c relative=0x000000000000017c
Event: 5.363 Thread 0x000001941b7704c0 Uncommon trap: reason=unstable_if action=reinterpret pc=0x000001942ab9741c method=java.lang.ClassLoader.checkName(Ljava/lang/String;)Z @ 1 c2
Event: 5.363 Thread 0x000001941b7704c0 DEOPT PACKING pc=0x000001942ab9741c sp=0x00000021a9dfd6b0
Event: 5.363 Thread 0x000001941b7704c0 DEOPT UNPACKING pc=0x000001942a5b23a3 sp=0x00000021a9dfd648 mode 2
Event: 5.364 Thread 0x000001941b7704c0 Uncommon trap: trap_request=0xffffff45 fr.pc=0x000001942ab08eb8 relative=0x0000000000000038
Event: 5.364 Thread 0x000001941b7704c0 Uncommon trap: reason=unstable_if action=reinterpret pc=0x000001942ab08eb8 method=java.lang.StringLatin1.canEncode(I)Z @ 4 c2
Event: 5.364 Thread 0x000001941b7704c0 DEOPT PACKING pc=0x000001942ab08eb8 sp=0x00000021a9dfd800
Event: 5.364 Thread 0x000001941b7704c0 DEOPT UNPACKING pc=0x000001942a5b23a3 sp=0x00000021a9dfd790 mode 2
Event: 5.404 Thread 0x000001941b7704c0 DEOPT PACKING pc=0x00000194233ac4d4 sp=0x00000021a9dfdb50
Event: 5.404 Thread 0x000001941b7704c0 DEOPT UNPACKING pc=0x000001942a5b2b43 sp=0x00000021a9dfd0b0 mode 0

Classes unloaded (0 events):
No events

Classes redefined (0 events):
No events

Internal exceptions (20 events):
Event: 4.132 Thread 0x000001941b7704c0 Exception <a 'java/lang/NullPointerException'{0x00000000c619b5a0}> (0x00000000c619b5a0) 
thrown [s\open\src\hotspot\share\interpreter\linkResolver.cpp, line 1350]
Event: 4.132 Thread 0x000001941b7704c0 Exception <a 'java/lang/NullPointerException'{0x00000000c619b878}> (0x00000000c619b878) 
thrown [s\open\src\hotspot\share\interpreter\linkResolver.cpp, line 1350]
Event: 4.132 Thread 0x000001941b7704c0 Exception <a 'java/lang/NullPointerException'{0x00000000c619bb50}> (0x00000000c619bb50) 
thrown [s\open\src\hotspot\share\interpreter\linkResolver.cpp, line 1350]
Event: 4.132 Thread 0x000001941b7704c0 Exception <a 'java/lang/NullPointerException'{0x00000000c619be28}> (0x00000000c619be28) 
thrown [s\open\src\hotspot\share\interpreter\linkResolver.cpp, line 1350]
Event: 4.149 Thread 0x000001941b7704c0 Exception <a 'java/lang/NoSuchMethodError'{0x00000000c60196e0}: 'void java.lang.invoke.DirectMethodHandle$Holder.invokeStatic(java.lang.Object, java.lang.Object)'> (0x00000000c60196e0) 
thrown [s\open\src\hotspot\share\interpreter\linkResolver.cpp, line 759]
Event: 4.150 Thread 0x000001941b7704c0 Exception <a 'java/lang/NoSuchMethodError'{0x00000000c601cff8}: 'void java.lang.invoke.DirectMethodHandle$Holder.invokeStaticInit(java.lang.Object, java.lang.Object)'> (0x00000000c601cff8) 
thrown [s\open\src\hotspot\share\interpreter\linkResolver.cpp, line 759]
Event: 4.159 Thread 0x000001941b7704c0 Exception <a 'java/lang/NoSuchMethodError'{0x00000000c6056e08}: 'void java.lang.invoke.DirectMethodHandle$Holder.invokeStatic(java.lang.Object, java.lang.Object, java.lang.Object)'> (0x00000000c6056e08) 
thrown [s\open\src\hotspot\share\interpreter\linkResolver.cpp, line 759]
Event: 4.289 Thread 0x000001941b7704c0 Exception <a 'java/lang/NoSuchMethodError'{0x00000000c5fd8d48}: 'java.lang.Object java.lang.invoke.DirectMethodHandle$Holder.invokeSpecialIFC(java.lang.Object, java.lang.Object, java.lang.Object, java.lang.Object)'> (0x00000000c5fd8d48) 
thrown [s\open\src\hotspot\share\interpreter\linkResolver.cpp, line 759]
Event: 4.451 Thread 0x000001941b7704c0 Exception <a 'java/lang/NoSuchMethodError'{0x00000000c598f068}: 'void java.lang.invoke.DirectMethodHandle$Holder.invokeSpecial(java.lang.Object, java.lang.Object, java.lang.Object)'> (0x00000000c598f068) 
thrown [s\open\src\hotspot\share\interpreter\linkResolver.cpp, line 759]
Event: 4.494 Thread 0x000001941b7704c0 Exception <a 'java/lang/NoSuchMethodError'{0x00000000c640cc60}: 'java.lang.Object java.lang.invoke.DirectMethodHandle$Holder.invokeInterface(java.lang.Object, java.lang.Object)'> (0x00000000c640cc60) 
thrown [s\open\src\hotspot\share\interpreter\linkResolver.cpp, line 759]
Event: 4.507 Thread 0x000001941b7704c0 Exception <a 'java/lang/NoSuchMethodError'{0x00000000c64afc58}: 'java.lang.Object java.lang.invoke.Invokers$Holder.invokeExact_MT(java.lang.Object, java.lang.Object, java.lang.Object, java.lang.Object, java.lang.Object, java.lang.Object)'> (0x00000000c64afc58) 
thrown [s\open\src\hotspot\share\interpreter\linkResolver.cpp, line 759]
Event: 4.509 Thread 0x000001941b7704c0 Exception <a 'java/lang/NoSuchMethodError'{0x00000000c64c1148}: 'int java.lang.invoke.DirectMethodHandle$Holder.invokeSpecialIFC(java.lang.Object, java.lang.Object, java.lang.Object, java.lang.Object, java.lang.Object)'> (0x00000000c64c1148) 
thrown [s\open\src\hotspot\share\interpreter\linkResolver.cpp, line 759]
Event: 4.554 Thread 0x000001941b7704c0 Exception <a 'java/lang/NoSuchMethodError'{0x00000000c625b260}: 'java.lang.Object java.lang.invoke.DirectMethodHandle$Holder.newInvokeSpecial(java.lang.Object, java.lang.Object, java.lang.Object, java.lang.Object, java.lang.Object)'> (0x00000000c625b260) 
thrown [s\open\src\hotspot\share\interpreter\linkResolver.cpp, line 759]
Event: 4.579 Thread 0x000001941b7704c0 Exception <a 'java/lang/NoSuchMethodError'{0x00000000c615bfe8}: 'int java.lang.invoke.DirectMethodHandle$Holder.invokeStaticInit(java.lang.Object, java.lang.Object)'> (0x00000000c615bfe8) 
thrown [s\open\src\hotspot\share\interpreter\linkResolver.cpp, line 759]
Event: 4.585 Thread 0x000001941b7704c0 Exception <a 'java/lang/NoClassDefFoundError'{0x00000000c6193588}: javax/enterprise/inject/Typed> (0x00000000c6193588) 
thrown [s\open\src\hotspot\share\classfile\systemDictionary.cpp, line 245]
Event: 5.321 Thread 0x000001941b7704c0 Exception <a 'java/lang/NoSuchMethodError'{0x00000000c4829660}: 'void java.lang.invoke.DirectMethodHandle$Holder.invokeStaticInit(java.lang.Object, java.lang.Object, java.lang.Object)'> (0x00000000c4829660) 
thrown [s\open\src\hotspot\share\interpreter\linkResolver.cpp, line 759]
Event: 5.329 Thread 0x000001941b7704c0 Exception <a 'java/lang/ExceptionInInitializerError'{0x00000000c48541d8}> (0x00000000c48541d8) 
thrown [s\open\src\hotspot\share\oops\instanceKlass.cpp, line 1216]
Event: 5.363 Thread 0x000001941b7704c0 Implicit null exception at 0x000001942ab972af to 0x000001942ab9740c
Event: 5.365 Thread 0x000001941b7704c0 Exception <a 'java/lang/NoSuchMethodError'{0x00000000c4761058}: 'java.lang.Object java.lang.invoke.Invokers$Holder.invokeExact_MT(java.lang.Object, int, java.lang.Object)'> (0x00000000c4761058) 
thrown [s\open\src\hotspot\share\interpreter\linkResolver.cpp, line 759]
Event: 5.379 Thread 0x000001941b7704c0 Exception <a 'java/lang/NoSuchMethodError'{0x00000000c47cb040}: 'int java.lang.invoke.DirectMethodHandle$Holder.invokeSpecial(java.lang.Object, java.lang.Object, java.lang.Object, java.lang.Object)'> (0x00000000c47cb040) 
thrown [s\open\src\hotspot\share\interpreter\linkResolver.cpp, line 759]

VM Operations (20 events):
Event: 4.307 Executing VM operation: HandshakeAllThreads
Event: 4.307 Executing VM operation: HandshakeAllThreads done
Event: 4.307 Executing VM operation: Cleanup
Event: 4.308 Executing VM operation: Cleanup done
Event: 4.463 Executing VM operation: G1CollectForAllocation
Event: 4.472 Executing VM operation: G1CollectForAllocation done
Event: 4.705 Executing VM operation: G1CollectForAllocation
Event: 4.710 Executing VM operation: G1CollectForAllocation done
Event: 4.990 Executing VM operation: HandshakeAllThreads
Event: 4.990 Executing VM operation: HandshakeAllThreads done
Event: 5.136 Executing VM operation: HandshakeAllThreads
Event: 5.136 Executing VM operation: HandshakeAllThreads done
Event: 5.211 Executing VM operation: ICBufferFull
Event: 5.211 Executing VM operation: ICBufferFull done
Event: 5.334 Executing VM operation: HandshakeAllThreads
Event: 5.334 Executing VM operation: HandshakeAllThreads done
Event: 5.401 Executing VM operation: HandshakeAllThreads
Event: 5.401 Executing VM operation: HandshakeAllThreads done
Event: 5.403 Executing VM operation: HandshakeAllThreads
Event: 5.403 Executing VM operation: HandshakeAllThreads done

Events (20 events):
Event: 5.171 loading class java/util/concurrent/CompletionService
Event: 5.171 loading class java/util/concurrent/CompletionService done
Event: 5.210 loading class sun/reflect/generics/repository/FieldRepository
Event: 5.210 loading class sun/reflect/generics/repository/FieldRepository done
Event: 5.220 loading class java/io/UncheckedIOException
Event: 5.220 loading class java/io/UncheckedIOException done
Event: 5.229 loading class java/util/concurrent/atomic/AtomicBoolean
Event: 5.229 loading class java/util/concurrent/atomic/AtomicBoolean done
Event: 5.232 loading class java/nio/channels/OverlappingFileLockException
Event: 5.233 loading class java/nio/channels/OverlappingFileLockException done
Event: 5.233 loading class java/nio/channels/FileLock
Event: 5.233 loading class java/nio/channels/FileLock done
Event: 5.254 loading class java/nio/file/AccessDeniedException
Event: 5.255 loading class java/nio/file/FileSystemException
Event: 5.255 loading class java/nio/file/FileSystemException done
Event: 5.255 loading class java/nio/file/AccessDeniedException done
Event: 5.325 loading class java/lang/ExceptionInInitializerError
Event: 5.326 loading class java/lang/ExceptionInInitializerError done
Event: 5.330 loading class jdk/internal/vm/annotation/ForceInline
Event: 5.330 loading class jdk/internal/vm/annotation/ForceInline done


Dynamic libraries:
0x00007ff69ec90000 - 0x00007ff69eca0000 	C:\Program Files\Java\jdk-17\bin\java.exe
0x00007ffb6f060000 - 0x00007ffb6f2c5000 	C:\WINDOWS\SYSTEM32\ntdll.dll
0x00007ffb6d450000 - 0x00007ffb6d519000 	C:\WINDOWS\System32\KERNEL32.DLL
0x00007ffb6c330000 - 0x00007ffb6c718000 	C:\WINDOWS\System32\KERNELBASE.dll
0x00007ffb6c1b0000 - 0x00007ffb6c2fb000 	C:\WINDOWS\System32\ucrtbase.dll
0x00007ffb610a0000 - 0x00007ffb610bb000 	C:\Program Files\Java\jdk-17\bin\VCRUNTIME140.dll
0x00007ffb60af0000 - 0x00007ffb60b09000 	C:\Program Files\Java\jdk-17\bin\jli.dll
0x00007ffb6ce00000 - 0x00007ffb6ceb3000 	C:\WINDOWS\System32\ADVAPI32.dll
0x00007ffb6d3a0000 - 0x00007ffb6d449000 	C:\WINDOWS\System32\msvcrt.dll
0x00007ffb6d230000 - 0x00007ffb6d2d6000 	C:\WINDOWS\System32\sechost.dll
0x00007ffb6ed10000 - 0x00007ffb6ee25000 	C:\WINDOWS\System32\RPCRT4.dll
0x00007ffb6eac0000 - 0x00007ffb6ec8a000 	C:\WINDOWS\System32\USER32.dll
0x00007ffb4d180000 - 0x00007ffb4d41a000 	C:\WINDOWS\WinSxS\amd64_microsoft.windows.common-controls_6595b64144ccf1df_6.0.26100.4202_none_3e0698d4e335f517\COMCTL32.dll
0x00007ffb6c300000 - 0x00007ffb6c327000 	C:\WINDOWS\System32\win32u.dll
0x00007ffb6d370000 - 0x00007ffb6d39b000 	C:\WINDOWS\System32\GDI32.dll
0x00007ffb6c7c0000 - 0x00007ffb6c8f7000 	C:\WINDOWS\System32\gdi32full.dll
0x00007ffb6cd50000 - 0x00007ffb6cdf3000 	C:\WINDOWS\System32\msvcp_win.dll
0x00007ffb62a70000 - 0x00007ffb62a7b000 	C:\WINDOWS\SYSTEM32\VERSION.dll
0x00007ffb6e190000 - 0x00007ffb6e1c0000 	C:\WINDOWS\System32\IMM32.DLL
0x00007ffb65990000 - 0x00007ffb6599c000 	C:\Program Files\Java\jdk-17\bin\vcruntime140_1.dll
0x00007ffb383d0000 - 0x00007ffb3845e000 	C:\Program Files\Java\jdk-17\bin\msvcp140.dll
0x00007ffac1000000 - 0x00007ffac1be0000 	C:\Program Files\Java\jdk-17\bin\server\jvm.dll
0x00007ffb6ec90000 - 0x00007ffb6ec98000 	C:\WINDOWS\System32\PSAPI.DLL
0x00007ffb51cc0000 - 0x00007ffb51cf5000 	C:\WINDOWS\SYSTEM32\WINMM.dll
0x00007ffae9540000 - 0x00007ffae954a000 	C:\WINDOWS\SYSTEM32\WSOCK32.dll
0x00007ffb6e110000 - 0x00007ffb6e184000 	C:\WINDOWS\System32\ws2_32.DLL
0x00007ffb6af70000 - 0x00007ffb6af8b000 	C:\WINDOWS\SYSTEM32\kernel.appcore.dll
0x00007ffb633a0000 - 0x00007ffb633aa000 	C:\Program Files\Java\jdk-17\bin\jimage.dll
0x00007ffb69960000 - 0x00007ffb69ba1000 	C:\WINDOWS\SYSTEM32\DBGHELP.DLL
0x00007ffb6e710000 - 0x00007ffb6ea95000 	C:\WINDOWS\System32\combase.dll
0x00007ffb6d040000 - 0x00007ffb6d121000 	C:\WINDOWS\System32\OLEAUT32.dll
0x00007ffb42f70000 - 0x00007ffb42fa9000 	C:\WINDOWS\SYSTEM32\dbgcore.DLL
0x00007ffb6c720000 - 0x00007ffb6c7b9000 	C:\WINDOWS\System32\bcryptPrimitives.dll
0x00007ffb48420000 - 0x00007ffb48445000 	C:\Program Files\Java\jdk-17\bin\java.dll
0x00007ffb2c820000 - 0x00007ffb2c8f7000 	C:\Program Files\Java\jdk-17\bin\jsvml.dll
0x00007ffb6d880000 - 0x00007ffb6dfc2000 	C:\WINDOWS\System32\SHELL32.dll
0x00007ffb6cbd0000 - 0x00007ffb6cd44000 	C:\WINDOWS\System32\wintypes.dll
0x00007ffb69e50000 - 0x00007ffb6a6a8000 	C:\WINDOWS\SYSTEM32\windows.storage.dll
0x00007ffb6d130000 - 0x00007ffb6d221000 	C:\WINDOWS\System32\SHCORE.dll
0x00007ffb6eca0000 - 0x00007ffb6ed0a000 	C:\WINDOWS\System32\shlwapi.dll
0x00007ffb6c0c0000 - 0x00007ffb6c0ef000 	C:\WINDOWS\SYSTEM32\profapi.dll
0x00007ffb58670000 - 0x00007ffb58689000 	C:\Program Files\Java\jdk-17\bin\net.dll
0x00007ffb63aa0000 - 0x00007ffb63bbe000 	C:\WINDOWS\SYSTEM32\WINHTTP.dll
0x00007ffb6b4e0000 - 0x00007ffb6b54a000 	C:\WINDOWS\system32\mswsock.dll
0x00007ffb48400000 - 0x00007ffb48416000 	C:\Program Files\Java\jdk-17\bin\nio.dll
0x00007ffb483e0000 - 0x00007ffb483f8000 	C:\Program Files\Java\jdk-17\bin\zip.dll
0x00007ffb43f90000 - 0x00007ffb43fb4000 	C:\apache-maven-3.9.9\lib\jansi-native\Windows\x86_64\jansi.dll
0x00007ffb60bc0000 - 0x00007ffb60bd0000 	C:\Program Files\Java\jdk-17\bin\verify.dll

dbghelp: loaded successfully - version: 4.0.5 - missing functions: none
symbol engine: initialized successfully - sym options: 0x614 - pdb path: .;C:\Program Files\Java\jdk-17\bin;C:\WINDOWS\SYSTEM32;C:\WINDOWS\WinSxS\amd64_microsoft.windows.common-controls_6595b64144ccf1df_6.0.26100.4202_none_3e0698d4e335f517;C:\Program Files\Java\jdk-17\bin\server;C:\apache-maven-3.9.9\lib\jansi-native\Windows\x86_64

VM Arguments:
jvm_args: -Dclassworlds.conf=C:\apache-maven-3.9.9\bin\m2.conf -Dmaven.home=C:\apache-maven-3.9.9 -Dlibrary.jansi.path=C:\apache-maven-3.9.9\lib\jansi-native -Dmaven.multiModuleProjectDirectory=C:\Users\famil\Downloads\CatalogoDeLivro\CatalogoDeLivro 
java_command: org.codehaus.plexus.classworlds.launcher.Launcher spring-boot:run
java_class_path (initial): C:\apache-maven-3.9.9\boot\plexus-classworlds-2.8.0.jar
Launcher Type: SUN_STANDARD

[Global flags]
     intx CICompilerCount                          = 3                                         {product} {ergonomic}
     uint ConcGCThreads                            = 1                                         {product} {ergonomic}
     uint G1ConcRefinementThreads                  = 4                                         {product} {ergonomic}
   size_t G1HeapRegionSize                         = 1048576                                   {product} {ergonomic}
    uintx GCDrainStackTargetSize                   = 64                                        {product} {ergonomic}
   size_t InitialHeapSize                          = 65011712                                  {product} {ergonomic}
   size_t MarkStackSize                            = 4194304                                   {product} {ergonomic}
   size_t MaxHeapSize                              = 1031798784                                {product} {ergonomic}
   size_t MaxNewSize                               = 618659840                                 {product} {ergonomic}
   size_t MinHeapDeltaBytes                        = 1048576                                   {product} {ergonomic}
   size_t MinHeapSize                              = 8388608                                   {product} {ergonomic}
    uintx NonNMethodCodeHeapSize                   = 5832780                                {pd product} {ergonomic}
    uintx NonProfiledCodeHeapSize                  = 122912730                              {pd product} {ergonomic}
    uintx ProfiledCodeHeapSize                     = 122912730                              {pd product} {ergonomic}
    uintx ReservedCodeCacheSize                    = 251658240                              {pd product} {ergonomic}
     bool SegmentedCodeCache                       = true                                      {product} {ergonomic}
   size_t SoftMaxHeapSize                          = 1031798784                             {manageable} {ergonomic}
     bool UseCompressedClassPointers               = true                           {product lp64_product} {ergonomic}
     bool UseCompressedOops                        = true                           {product lp64_product} {ergonomic}
     bool UseG1GC                                  = true                                      {product} {ergonomic}
     bool UseLargePagesIndividualAllocation        = false                                  {pd product} {ergonomic}

Logging:
Log output configuration:
 #0: stdout all=warning uptime,level,tags
 #1: stderr all=off uptime,level,tags

Environment Variables:
JAVA_HOME=C:\Program Files\Java\jdk-17
PATH=C:\Program Files\Common Files\Oracle\Java\javapath;C:\Program Files\Java\jdk-17\bin;C:\WINDOWS\system32;C:\WINDOWS;C:\WINDOWS\System32\Wbem;C:\WINDOWS\System32\WindowsPowerShell\v1.0\;C:\WINDOWS\System32\OpenSSH\;C:\Program Files (x86)\Microsoft SQL Server\160\Tools\Binn\;C:\Program Files\Microsoft SQL Server\160\Tools\Binn\;C:\Program Files\Microsoft SQL Server\Client SDK\ODBC\170\Tools\Binn\;C:\Program Files\Microsoft SQL Server\160\DTS\Binn\;C:\Program Files (x86)\Microsoft SQL Server\160\DTS\Binn\;C:\apache-maven-3.9.9\bin;C:\Program Files\Java\jdk-24\bin;C:\Program Files\Git\cmd;C:\Users\famil\AppData\Local\Programs\Python\Launcher\;C:\Users\famil\AppData\Local\Microsoft\WindowsApps;C:\Users\famil\AppData\Local\Programs\Microsoft VS Code\bin;C:\Program Files\JetBrains\IntelliJ IDEA 2024.3.2.2\bin;;C:\Program Files\Java\jdk-17\bin;
USERNAME=famil
LANG=pt_BR.UTF-8
OS=Windows_NT
PROCESSOR_IDENTIFIER=Intel64 Family 6 Model 142 Stepping 12, GenuineIntel



---------------  S Y S T E M  ---------------

OS:
 Windows 11 , 64 bit Build 26100 (10.0.26100.4202)
OS uptime: 2 days 5:11 hours

CPU: total 4 (initial active 4) (2 cores per cpu, 2 threads per core) family 6 model 142 stepping 12 microcode 0xea, cx8, cmov, fxsr, ht, mmx, 3dnowpref, sse, sse2, sse3, ssse3, sse4.1, sse4.2, popcnt, lzcnt, tsc, tscinvbit, avx, avx2, aes, erms, clmul, bmi1, bmi2, adx, fma, vzeroupper, clflush, clflushopt

Memory: 4k page, system-wide physical 3930M (168M free)
TotalPageFile size 16218M (AvailPageFile size 5M)
current process WorkingSet (physical memory assigned to process): 108M, peak: 108M
current process commit charge ("private bytes"): 166M, peak: 167M

vm_info: Java HotSpot(TM) 64-Bit Server VM (17.0.12+8-LTS-286) for windows-amd64 JRE (17.0.12+8-LTS-286), built on Jun  5 2024 06:46:59 by "mach5one" with MS VC++ 17.6 (VS2022)

END.
