#
# There is insufficient memory for the Java Runtime Environment to continue.
# Native memory allocation (mmap) failed to map 65536 bytes for Failed to commit metaspace.
# Possible reasons:
#   The system is out of physical RAM or swap space
#   The process is running with CompressedOops enabled, and the Java Heap may be blocking the growth of the native heap
# Possible solutions:
#   Reduce memory load on the system
#   Increase physical memory or swap space
#   Check if swap backing store is full
#   Decrease Java heap size (-Xmx/-Xms)
#   Decrease Java thread stack sizes (-Xss)
#   Set larger code cache with -XX:ReservedCodeCacheSize=
#   JVM is running with Unscaled Compressed Oops mode in which the Java heap is
#     placed in the first 4GB address space. The Java Heap base address is the
#     maximum limit for the native heap growth. Please use -XX:HeapBaseMinAddress
#     to set the Java Heap base and to place the Java Heap above 4GB virtual address.
# This output file may be truncated or incomplete.
#
#  Out of Memory Error (virtualSpaceNode.cpp:110), pid=2664, tid=12148
#
# JRE version: Java(TM) SE Runtime Environment (17.0.12+8) (build 17.0.12+8-LTS-286)
# Java VM: Java HotSpot(TM) 64-Bit Server VM (17.0.12+8-LTS-286, mixed mode, emulated-client, sharing, tiered, compressed oops, compressed class ptrs, g1 gc, windows-amd64)
# No core dump will be written. Minidumps are not enabled by default on client versions of Windows
#

---------------  S U M M A R Y ------------

Command Line: -XX:TieredStopAtLevel=1 com.example.CatalogoDeLivro.CatalogoDeLivro.CatalogoDeLivroApplication

Host: Intel(R) Core(TM) i3-10110U CPU @ 2.10GHz, 4 cores, 3G,  Windows 11 , 64 bit Build 26100 (10.0.26100.4202)
Time: Sat Jun 14 09:21:36 2025 Hora oficial do Brasil elapsed time: 4.761648 seconds (0d 0h 0m 4s)

---------------  T H R E A D  ---------------

Current thread (0x0000026069b73460):  JavaThread "main" [_thread_in_vm, id=12148, stack(0x000000c8de800000,0x000000c8de900000)]

Stack: [0x000000c8de800000,0x000000c8de900000]
Native frames: (J=compiled Java code, j=interpreted, Vv=VM code, C=native code)
V  [jvm.dll+0x67a04a]
V  [jvm.dll+0x7da4ed]
V  [jvm.dll+0x7dbe33]
V  [jvm.dll+0x7dc4a3]
V  [jvm.dll+0x24508f]
V  [jvm.dll+0x7d60bb]
V  [jvm.dll+0x6206c6]
V  [jvm.dll+0x1bed07]
V  [jvm.dll+0x623022]
V  [jvm.dll+0x621086]
V  [jvm.dll+0x62af77]
V  [jvm.dll+0x1e84b2]
V  [jvm.dll+0x1e89d5]
V  [jvm.dll+0x1e931b]
V  [jvm.dll+0x1dea41]
V  [jvm.dll+0x53f78c]
V  [jvm.dll+0x7553b8]
V  [jvm.dll+0x7554a4]
V  [jvm.dll+0x40d1af]
V  [jvm.dll+0x413c39]
C  [java.dll+0x17ec]

Java frames: (J=compiled Java code, j=interpreted, Vv=VM code)
J 718  java.lang.ClassLoader.defineClass1(Ljava/lang/ClassLoader;Ljava/lang/String;[BIILjava/security/ProtectionDomain;Ljava/lang/String;)Ljava/lang/Class; java.base@17.0.12 (0 bytes) @ 0x0000026071640163 [0x00000260716400a0+0x00000000000000c3]
J 830 c1 java.lang.ClassLoader.defineClass(Ljava/lang/String;[BIILjava/security/ProtectionDomain;)Ljava/lang/Class; java.base@17.0.12 (43 bytes) @ 0x00000260716705dc [0x00000260716704e0+0x00000000000000fc]
J 719 c1 jdk.internal.loader.BuiltinClassLoader.defineClass(Ljava/lang/String;Ljdk/internal/loader/Resource;)Ljava/lang/Class; java.base@17.0.12 (121 bytes) @ 0x00000260716422e4 [0x0000026071641e20+0x00000000000004c4]
J 717 c1 jdk.internal.loader.BuiltinClassLoader.findClassOnClassPathOrNull(Ljava/lang/String;)Ljava/lang/Class; java.base@17.0.12 (64 bytes) @ 0x0000026071641334 [0x0000026071641080+0x00000000000002b4]
J 358 c1 jdk.internal.loader.BuiltinClassLoader.loadClassOrNull(Ljava/lang/String;Z)Ljava/lang/Class; java.base@17.0.12 (143 bytes) @ 0x00000260715b44dc [0x00000260715b4080+0x000000000000045c]
J 687 c1 jdk.internal.loader.ClassLoaders$AppClassLoader.loadClass(Ljava/lang/String;Z)Ljava/lang/Class; java.base@17.0.12 (40 bytes) @ 0x0000026071633324 [0x00000260716331e0+0x0000000000000144]
J 686 c1 java.lang.ClassLoader.loadClass(Ljava/lang/String;)Ljava/lang/Class; java.base@17.0.12 (7 bytes) @ 0x0000026071632ee4 [0x0000026071632ea0+0x0000000000000044]
v  ~StubRoutines::call_stub
J 3126  java.lang.Class.getDeclaredMethods0(Z)[Ljava/lang/reflect/Method; java.base@17.0.12 (0 bytes) @ 0x0000026071a8eb63 [0x0000026071a8eb20+0x0000000000000043]
J 1919 c1 java.lang.Class.privateGetDeclaredMethods(Z)[Ljava/lang/reflect/Method; java.base@17.0.12 (64 bytes) @ 0x000002607180661c [0x0000026071806580+0x000000000000009c]
J 3051 c1 org.springframework.util.ReflectionUtils.getDeclaredMethods(Ljava/lang/Class;Z)[Ljava/lang/reflect/Method; (186 bytes) @ 0x00000260719d5ed4 [0x00000260719d5de0+0x00000000000000f4]
J 3348 c1 org.springframework.util.ReflectionUtils.doWithLocalMethods(Ljava/lang/Class;Lorg/springframework/util/ReflectionUtils$MethodCallback;)V (71 bytes) @ 0x0000026071ae72fc [0x0000026071ae72e0+0x000000000000001c]
j  org.springframework.orm.jpa.support.PersistenceAnnotationBeanPostProcessor.buildPersistenceMetadata(Ljava/lang/Class;)Lorg/springframework/beans/factory/annotation/InjectionMetadata;+69
j  org.springframework.orm.jpa.support.PersistenceAnnotationBeanPostProcessor.findPersistenceMetadata(Ljava/lang/String;Ljava/lang/Class;Lorg/springframework/beans/PropertyValues;)Lorg/springframework/beans/factory/annotation/InjectionMetadata;+88
j  org.springframework.orm.jpa.support.PersistenceAnnotationBeanPostProcessor.findInjectionMetadata(Lorg/springframework/beans/factory/support/RootBeanDefinition;Ljava/lang/Class;Ljava/lang/String;)Lorg/springframework/beans/factory/annotation/InjectionMetadata;+4
j  org.springframework.orm.jpa.support.PersistenceAnnotationBeanPostProcessor.postProcessMergedBeanDefinition(Lorg/springframework/beans/factory/support/RootBeanDefinition;Ljava/lang/Class;Ljava/lang/String;)V+4
j  org.springframework.beans.factory.support.AbstractAutowireCapableBeanFactory.applyMergedBeanDefinitionPostProcessors(Lorg/springframework/beans/factory/support/RootBeanDefinition;Ljava/lang/Class;Ljava/lang/String;)V+41
j  org.springframework.beans.factory.support.AbstractAutowireCapableBeanFactory.doCreateBean(Ljava/lang/String;Lorg/springframework/beans/factory/support/RootBeanDefinition;[Ljava/lang/Object;)Ljava/lang/Object;+91
j  org.springframework.beans.factory.support.AbstractAutowireCapableBeanFactory.createBean(Ljava/lang/String;Lorg/springframework/beans/factory/support/RootBeanDefinition;[Ljava/lang/Object;)Ljava/lang/Object;+153
j  org.springframework.beans.factory.support.AbstractBeanFactory.lambda$doGetBean$0(Ljava/lang/String;Lorg/springframework/beans/factory/support/RootBeanDefinition;[Ljava/lang/Object;)Ljava/lang/Object;+4
j  org.springframework.beans.factory.support.AbstractBeanFactory$$Lambda$370+0x00000260011d3280.getObject()Ljava/lang/Object;+16
j  org.springframework.beans.factory.support.DefaultSingletonBeanRegistry.getSingleton(Ljava/lang/String;Lorg/springframework/beans/factory/ObjectFactory;)Ljava/lang/Object;+897
J 2501 c1 org.springframework.beans.factory.support.AbstractBeanFactory.doGetBean(Ljava/lang/String;Ljava/lang/Class;[Ljava/lang/Object;Z)Ljava/lang/Object; (787 bytes) @ 0x00000260718f595c [0x00000260718f5380+0x00000000000005dc]
j  org.springframework.beans.factory.support.AbstractBeanFactory.getBean(Ljava/lang/String;)Ljava/lang/Object;+5
j  org.springframework.beans.factory.support.DefaultListableBeanFactory.doResolveDependency(Lorg/springframework/beans/factory/config/DependencyDescriptor;Ljava/lang/String;Ljava/util/Set;Lorg/springframework/beans/TypeConverter;)Ljava/lang/Object;+346
j  org.springframework.beans.factory.support.DefaultListableBeanFactory.resolveDependency(Lorg/springframework/beans/factory/config/DependencyDescriptor;Ljava/lang/String;Ljava/util/Set;Lorg/springframework/beans/TypeConverter;)Ljava/lang/Object;+117
j  org.springframework.beans.factory.support.ConstructorResolver.resolveAutowiredArgument(Lorg/springframework/beans/factory/config/DependencyDescriptor;Ljava/lang/Class;Ljava/lang/String;Ljava/util/Set;Lorg/springframework/beans/TypeConverter;Z)Ljava/lang/Object;+56
j  org.springframework.beans.factory.support.ConstructorResolver.createArgumentArray(Ljava/lang/String;Lorg/springframework/beans/factory/support/RootBeanDefinition;Lorg/springframework/beans/factory/config/ConstructorArgumentValues;Lorg/springframework/beans/BeanWrapper;[Ljava/lang/Class;[Ljava/lang/String;Ljava/lang/reflect/Executable;ZZ)Lorg/springframework/beans/factory/support/ConstructorResolver$ArgumentsHolder;+420
j  org.springframework.beans.factory.support.ConstructorResolver.instantiateUsingFactoryMethod(Ljava/lang/String;Lorg/springframework/beans/factory/support/RootBeanDefinition;[Ljava/lang/Object;)Lorg/springframework/beans/BeanWrapper;+754
j  org.springframework.beans.factory.support.AbstractAutowireCapableBeanFactory.instantiateUsingFactoryMethod(Ljava/lang/String;Lorg/springframework/beans/factory/support/RootBeanDefinition;[Ljava/lang/Object;)Lorg/springframework/beans/BeanWrapper;+11
j  org.springframework.beans.factory.support.AbstractAutowireCapableBeanFactory.createBeanInstance(Ljava/lang/String;Lorg/springframework/beans/factory/support/RootBeanDefinition;[Ljava/lang/Object;)Lorg/springframework/beans/BeanWrapper;+93
j  org.springframework.beans.factory.support.AbstractAutowireCapableBeanFactory.doCreateBean(Ljava/lang/String;Lorg/springframework/beans/factory/support/RootBeanDefinition;[Ljava/lang/Object;)Ljava/lang/Object;+34
j  org.springframework.beans.factory.support.AbstractAutowireCapableBeanFactory.createBean(Ljava/lang/String;Lorg/springframework/beans/factory/support/RootBeanDefinition;[Ljava/lang/Object;)Ljava/lang/Object;+153
j  org.springframework.beans.factory.support.AbstractBeanFactory.lambda$doGetBean$0(Ljava/lang/String;Lorg/springframework/beans/factory/support/RootBeanDefinition;[Ljava/lang/Object;)Ljava/lang/Object;+4
j  org.springframework.beans.factory.support.AbstractBeanFactory$$Lambda$370+0x00000260011d3280.getObject()Ljava/lang/Object;+16
j  org.springframework.beans.factory.support.DefaultSingletonBeanRegistry.getSingleton(Ljava/lang/String;Lorg/springframework/beans/factory/ObjectFactory;)Ljava/lang/Object;+897
J 2501 c1 org.springframework.beans.factory.support.AbstractBeanFactory.doGetBean(Ljava/lang/String;Ljava/lang/Class;[Ljava/lang/Object;Z)Ljava/lang/Object; (787 bytes) @ 0x00000260718f595c [0x00000260718f5380+0x00000000000005dc]
j  org.springframework.beans.factory.support.AbstractBeanFactory.getBean(Ljava/lang/String;)Ljava/lang/Object;+5
j  org.springframework.beans.factory.config.DependencyDescriptor.resolveCandidate(Ljava/lang/String;Ljava/lang/Class;Lorg/springframework/beans/factory/BeanFactory;)Ljava/lang/Object;+2
j  org.springframework.beans.factory.support.DefaultListableBeanFactory.doResolveDependency(Lorg/springframework/beans/factory/config/DependencyDescriptor;Ljava/lang/String;Ljava/util/Set;Lorg/springframework/beans/TypeConverter;)Ljava/lang/Object;+641
j  org.springframework.beans.factory.support.DefaultListableBeanFactory.resolveDependency(Lorg/springframework/beans/factory/config/DependencyDescriptor;Ljava/lang/String;Ljava/util/Set;Lorg/springframework/beans/TypeConverter;)Ljava/lang/Object;+117
j  org.springframework.beans.factory.support.ConstructorResolver.resolveAutowiredArgument(Lorg/springframework/beans/factory/config/DependencyDescriptor;Ljava/lang/Class;Ljava/lang/String;Ljava/util/Set;Lorg/springframework/beans/TypeConverter;Z)Ljava/lang/Object;+56
j  org.springframework.beans.factory.support.ConstructorResolver.createArgumentArray(Ljava/lang/String;Lorg/springframework/beans/factory/support/RootBeanDefinition;Lorg/springframework/beans/factory/config/ConstructorArgumentValues;Lorg/springframework/beans/BeanWrapper;[Ljava/lang/Class;[Ljava/lang/String;Ljava/lang/reflect/Executable;ZZ)Lorg/springframework/beans/factory/support/ConstructorResolver$ArgumentsHolder;+420
j  org.springframework.beans.factory.support.ConstructorResolver.instantiateUsingFactoryMethod(Ljava/lang/String;Lorg/springframework/beans/factory/support/RootBeanDefinition;[Ljava/lang/Object;)Lorg/springframework/beans/BeanWrapper;+754
j  org.springframework.beans.factory.support.AbstractAutowireCapableBeanFactory.instantiateUsingFactoryMethod(Ljava/lang/String;Lorg/springframework/beans/factory/support/RootBeanDefinition;[Ljava/lang/Object;)Lorg/springframework/beans/BeanWrapper;+11
j  org.springframework.beans.factory.support.AbstractAutowireCapableBeanFactory.createBeanInstance(Ljava/lang/String;Lorg/springframework/beans/factory/support/RootBeanDefinition;[Ljava/lang/Object;)Lorg/springframework/beans/BeanWrapper;+93
j  org.springframework.beans.factory.support.AbstractAutowireCapableBeanFactory.doCreateBean(Ljava/lang/String;Lorg/springframework/beans/factory/support/RootBeanDefinition;[Ljava/lang/Object;)Ljava/lang/Object;+34
j  org.springframework.beans.factory.support.AbstractAutowireCapableBeanFactory.createBean(Ljava/lang/String;Lorg/springframework/beans/factory/support/RootBeanDefinition;[Ljava/lang/Object;)Ljava/lang/Object;+153
j  org.springframework.beans.factory.support.AbstractBeanFactory.lambda$doGetBean$0(Ljava/lang/String;Lorg/springframework/beans/factory/support/RootBeanDefinition;[Ljava/lang/Object;)Ljava/lang/Object;+4
j  org.springframework.beans.factory.support.AbstractBeanFactory$$Lambda$370+0x00000260011d3280.getObject()Ljava/lang/Object;+16
j  org.springframework.beans.factory.support.DefaultSingletonBeanRegistry.getSingleton(Ljava/lang/String;Lorg/springframework/beans/factory/ObjectFactory;)Ljava/lang/Object;+897
J 2501 c1 org.springframework.beans.factory.support.AbstractBeanFactory.doGetBean(Ljava/lang/String;Ljava/lang/Class;[Ljava/lang/Object;Z)Ljava/lang/Object; (787 bytes) @ 0x00000260718f595c [0x00000260718f5380+0x00000000000005dc]
J 2505 c1 org.springframework.beans.factory.support.AbstractBeanFactory.getBean(Ljava/lang/String;Ljava/lang/Class;)Ljava/lang/Object; (9 bytes) @ 0x00000260718fc864 [0x00000260718fc820+0x0000000000000044]
j  org.springframework.context.support.AbstractApplicationContext.finishBeanFactoryInitialization(Lorg/springframework/beans/factory/config/ConfigurableListableBeanFactory;)V+220
j  org.springframework.context.support.AbstractApplicationContext.refresh()V+94
j  org.springframework.boot.web.servlet.context.ServletWebServerApplicationContext.refresh()V+1
j  org.springframework.boot.SpringApplication.refresh(Lorg/springframework/context/ConfigurableApplicationContext;)V+1
j  org.springframework.boot.SpringApplication.refreshContext(Lorg/springframework/context/ConfigurableApplicationContext;)V+19
j  org.springframework.boot.SpringApplication.run([Ljava/lang/String;)Lorg/springframework/context/ConfigurableApplicationContext;+113
j  org.springframework.boot.SpringApplication.run([Ljava/lang/Class;[Ljava/lang/String;)Lorg/springframework/context/ConfigurableApplicationContext;+9
j  org.springframework.boot.SpringApplication.run(Ljava/lang/Class;[Ljava/lang/String;)Lorg/springframework/context/ConfigurableApplicationContext;+9
j  com.example.CatalogoDeLivro.CatalogoDeLivro.CatalogoDeLivroApplication.main([Ljava/lang/String;)V+3
v  ~StubRoutines::call_stub

---------------  P R O C E S S  ---------------

Threads class SMR info:
_java_thread_list=0x000002607dc13400, length=16, elements={
0x0000026069b73460, 0x0000026069c2d690, 0x0000026069c2edc0, 0x0000026078b23ff0,
0x0000026078b24bb0, 0x0000026078b28ea0, 0x0000026078b30fd0, 0x0000026078b534d0,
0x0000026078b54d00, 0x000002607d0692f0, 0x000002607d06c5e0, 0x000002607dda7710,
0x000002607e142560, 0x000002607e142a40, 0x000002607e1d0310, 0x000002607e1d07f0
}

Java Threads: ( => current thread )
=>0x0000026069b73460 JavaThread "main" [_thread_in_vm, id=12148, stack(0x000000c8de800000,0x000000c8de900000)]
  0x0000026069c2d690 JavaThread "Reference Handler" daemon [_thread_blocked, id=2452, stack(0x000000c8def00000,0x000000c8df000000)]
  0x0000026069c2edc0 JavaThread "Finalizer" daemon [_thread_blocked, id=12372, stack(0x000000c8df000000,0x000000c8df100000)]
  0x0000026078b23ff0 JavaThread "Signal Dispatcher" daemon [_thread_blocked, id=3708, stack(0x000000c8df100000,0x000000c8df200000)]
  0x0000026078b24bb0 JavaThread "Attach Listener" daemon [_thread_blocked, id=15044, stack(0x000000c8df200000,0x000000c8df300000)]
  0x0000026078b28ea0 JavaThread "Service Thread" daemon [_thread_blocked, id=3480, stack(0x000000c8df300000,0x000000c8df400000)]
  0x0000026078b30fd0 JavaThread "Monitor Deflation Thread" daemon [_thread_blocked, id=10672, stack(0x000000c8df400000,0x000000c8df500000)]
  0x0000026078b534d0 JavaThread "C1 CompilerThread0" daemon [_thread_blocked, id=9748, stack(0x000000c8df500000,0x000000c8df600000)]
  0x0000026078b54d00 JavaThread "Sweeper thread" daemon [_thread_blocked, id=17300, stack(0x000000c8df600000,0x000000c8df700000)]
  0x000002607d0692f0 JavaThread "Notification Thread" daemon [_thread_blocked, id=9100, stack(0x000000c8df700000,0x000000c8df800000)]
  0x000002607d06c5e0 JavaThread "Common-Cleaner" daemon [_thread_blocked, id=10912, stack(0x000000c8df900000,0x000000c8dfa00000)]
  0x000002607dda7710 JavaThread "C1 CompilerThread1" daemon [_thread_blocked, id=13112, stack(0x000000c8dfd00000,0x000000c8dfe00000)]
  0x000002607e142560 JavaThread "Catalina-utility-1" [_thread_blocked, id=14524, stack(0x000000c8dfe00000,0x000000c8dff00000)]
  0x000002607e142a40 JavaThread "Catalina-utility-2" [_thread_blocked, id=16824, stack(0x000000c8dff00000,0x000000c8e0000000)]
  0x000002607e1d0310 JavaThread "container-0" [_thread_blocked, id=10564, stack(0x000000c8e0000000,0x000000c8e0100000)]
  0x000002607e1d07f0 JavaThread "mysql-cj-abandoned-connection-cleanup" daemon [_thread_blocked, id=11596, stack(0x000000c8e0100000,0x000000c8e0200000)]

Other Threads:
  0x0000026069c264d0 VMThread "VM Thread" [stack: 0x000000c8dee00000,0x000000c8def00000] [id=11512]
  0x000002607d0697d0 WatcherThread [stack: 0x000000c8df800000,0x000000c8df900000] [id=22788]
  0x0000026069bb96b0 GCTaskThread "GC Thread#0" [stack: 0x000000c8de900000,0x000000c8dea00000] [id=21264]
  0x000002607d70fb30 GCTaskThread "GC Thread#1" [stack: 0x000000c8dfa00000,0x000000c8dfb00000] [id=23280]
  0x000002607d6b0990 GCTaskThread "GC Thread#2" [stack: 0x000000c8dfb00000,0x000000c8dfc00000] [id=21648]
  0x000002607d6b0c50 GCTaskThread "GC Thread#3" [stack: 0x000000c8dfc00000,0x000000c8dfd00000] [id=12764]
  0x0000026069bc2dd0 ConcurrentGCThread "G1 Main Marker" [stack: 0x000000c8dea00000,0x000000c8deb00000] [id=19616]
  0x0000026069bc4f90 ConcurrentGCThread "G1 Conc#0" [stack: 0x000000c8deb00000,0x000000c8dec00000] [id=15696]
  0x0000026069c00450 ConcurrentGCThread "G1 Refine#0" [stack: 0x000000c8dec00000,0x000000c8ded00000] [id=3168]
  0x0000026069c01d30 ConcurrentGCThread "G1 Service" [stack: 0x000000c8ded00000,0x000000c8dee00000] [id=13020]

Threads with active compile tasks:

VM state: not at safepoint (normal execution)

VM Mutex/Monitor currently owned by a thread:  ([mutex/lock_event])
[0x0000026069b6fe80] Metaspace_lock - owner thread: 0x0000026069b73460

Heap address: 0x00000000c2800000, size: 984 MB, Compressed Oops mode: 32-bit

CDS archive(s) mapped at: [0x0000026000000000-0x0000026000bd0000-0x0000026000bd0000), size 12386304, SharedBaseAddress: 0x0000026000000000, ArchiveRelocationMode: 1.
Compressed class space mapped at: 0x0000026001000000-0x0000026041000000, reserved size: 1073741824
Narrow klass base: 0x0000026000000000, Narrow klass shift: 0, Narrow klass range: 0x100000000

GC Precious Log:
 CPUs: 4 total, 4 available
 Memory: 3930M
 Large Page Support: Disabled
 NUMA Support: Disabled
 Compressed Oops: Enabled (32-bit)
 Heap Region Size: 1M
 Heap Min Capacity: 8M
 Heap Initial Capacity: 62M
 Heap Max Capacity: 984M
 Pre-touch: Disabled
 Parallel Workers: 4
 Concurrent Workers: 1
 Concurrent Refinement Workers: 4
 Periodic GC: Disabled

Heap:
 garbage-first heap   total 58368K, used 44023K [0x00000000c2800000, 0x0000000100000000)
  region size 1024K, 30 young (30720K), 2 survivors (2048K)
 Metaspace       used 26516K, committed 26880K, reserved 1114112K
  class space    used 3720K, committed 3904K, reserved 1048576K

Heap Regions: E=young(eden), S=young(survivor), O=old, HS=humongous(starts), HC=humongous(continues), CS=collection set, F=free, OA=open archive, CA=closed archive, TAMS=top-at-mark-start (previous, next)
|   0|0x00000000c2800000, 0x00000000c2900000, 0x00000000c2900000|100%|HS|  |TAMS 0x00000000c2900000, 0x00000000c2800000| Complete 
|   1|0x00000000c2900000, 0x00000000c2a00000, 0x00000000c2a00000|100%|HS|  |TAMS 0x00000000c2a00000, 0x00000000c2900000| Complete 
|   2|0x00000000c2a00000, 0x00000000c2b00000, 0x00000000c2b00000|100%| O|  |TAMS 0x00000000c2b00000, 0x00000000c2a00000| Untracked 
|   3|0x00000000c2b00000, 0x00000000c2c00000, 0x00000000c2c00000|100%| O|  |TAMS 0x00000000c2c00000, 0x00000000c2b00000| Untracked 
|   4|0x00000000c2c00000, 0x00000000c2d00000, 0x00000000c2d00000|100%| O|  |TAMS 0x00000000c2d00000, 0x00000000c2c00000| Untracked 
|   5|0x00000000c2d00000, 0x00000000c2e00000, 0x00000000c2e00000|100%| O|  |TAMS 0x00000000c2e00000, 0x00000000c2d00000| Untracked 
|   6|0x00000000c2e00000, 0x00000000c2f00000, 0x00000000c2f00000|100%| O|  |TAMS 0x00000000c2f00000, 0x00000000c2e00000| Untracked 
|   7|0x00000000c2f00000, 0x00000000c3000000, 0x00000000c3000000|100%| O|  |TAMS 0x00000000c3000000, 0x00000000c2f00000| Untracked 
|   8|0x00000000c3000000, 0x00000000c3100000, 0x00000000c3100000|100%| O|  |TAMS 0x00000000c3100000, 0x00000000c3000000| Untracked 
|   9|0x00000000c3100000, 0x00000000c3200000, 0x00000000c3200000|100%| O|  |TAMS 0x00000000c3200000, 0x00000000c3100000| Untracked 
|  10|0x00000000c3200000, 0x00000000c3300000, 0x00000000c3300000|100%| O|  |TAMS 0x00000000c3300000, 0x00000000c3200000| Untracked 
|  11|0x00000000c3300000, 0x00000000c3400000, 0x00000000c3400000|100%| O|  |TAMS 0x00000000c3398400, 0x00000000c3300000| Untracked 
|  12|0x00000000c3400000, 0x00000000c3500000, 0x00000000c3500000|100%| O|  |TAMS 0x00000000c3400000, 0x00000000c3400000| Untracked 
|  13|0x00000000c3500000, 0x00000000c35fdc00, 0x00000000c3600000| 99%| O|  |TAMS 0x00000000c3500000, 0x00000000c3500000| Untracked 
|  14|0x00000000c3600000, 0x00000000c3600000, 0x00000000c3700000|  0%| F|  |TAMS 0x00000000c3600000, 0x00000000c3600000| Untracked 
|  15|0x00000000c3700000, 0x00000000c3700000, 0x00000000c3800000|  0%| F|  |TAMS 0x00000000c3700000, 0x00000000c3700000| Untracked 
|  16|0x00000000c3800000, 0x00000000c3800000, 0x00000000c3900000|  0%| F|  |TAMS 0x00000000c3800000, 0x00000000c3800000| Untracked 
|  17|0x00000000c3900000, 0x00000000c3900000, 0x00000000c3a00000|  0%| F|  |TAMS 0x00000000c3900000, 0x00000000c3900000| Untracked 
|  18|0x00000000c3a00000, 0x00000000c3a00000, 0x00000000c3b00000|  0%| F|  |TAMS 0x00000000c3a00000, 0x00000000c3a00000| Untracked 
|  19|0x00000000c3b00000, 0x00000000c3b00000, 0x00000000c3c00000|  0%| F|  |TAMS 0x00000000c3b00000, 0x00000000c3b00000| Untracked 
|  20|0x00000000c3c00000, 0x00000000c3c00000, 0x00000000c3d00000|  0%| F|  |TAMS 0x00000000c3c00000, 0x00000000c3c00000| Untracked 
|  21|0x00000000c3d00000, 0x00000000c3d00000, 0x00000000c3e00000|  0%| F|  |TAMS 0x00000000c3d00000, 0x00000000c3d00000| Untracked 
|  22|0x00000000c3e00000, 0x00000000c3e00000, 0x00000000c3f00000|  0%| F|  |TAMS 0x00000000c3e00000, 0x00000000c3e00000| Untracked 
|  23|0x00000000c3f00000, 0x00000000c3f00000, 0x00000000c4000000|  0%| F|  |TAMS 0x00000000c3f00000, 0x00000000c3f00000| Untracked 
|  24|0x00000000c4000000, 0x00000000c4000000, 0x00000000c4100000|  0%| F|  |TAMS 0x00000000c4000000, 0x00000000c4000000| Untracked 
|  25|0x00000000c4100000, 0x00000000c4100000, 0x00000000c4200000|  0%| F|  |TAMS 0x00000000c4100000, 0x00000000c4100000| Untracked 
|  26|0x00000000c4200000, 0x00000000c4200000, 0x00000000c4300000|  0%| F|  |TAMS 0x00000000c4200000, 0x00000000c4200000| Untracked 
|  27|0x00000000c4300000, 0x00000000c4400000, 0x00000000c4400000|100%| E|  |TAMS 0x00000000c4300000, 0x00000000c4300000| Complete 
|  28|0x00000000c4400000, 0x00000000c4500000, 0x00000000c4500000|100%| E|CS|TAMS 0x00000000c4400000, 0x00000000c4400000| Complete 
|  29|0x00000000c4500000, 0x00000000c4600000, 0x00000000c4600000|100%| E|CS|TAMS 0x00000000c4500000, 0x00000000c4500000| Complete 
|  30|0x00000000c4600000, 0x00000000c4700000, 0x00000000c4700000|100%| E|CS|TAMS 0x00000000c4600000, 0x00000000c4600000| Complete 
|  31|0x00000000c4700000, 0x00000000c4800000, 0x00000000c4800000|100%| E|CS|TAMS 0x00000000c4700000, 0x00000000c4700000| Complete 
|  32|0x00000000c4800000, 0x00000000c4900000, 0x00000000c4900000|100%| E|CS|TAMS 0x00000000c4800000, 0x00000000c4800000| Complete 
|  33|0x00000000c4900000, 0x00000000c4a00000, 0x00000000c4a00000|100%| E|CS|TAMS 0x00000000c4900000, 0x00000000c4900000| Complete 
|  34|0x00000000c4a00000, 0x00000000c4b00000, 0x00000000c4b00000|100%| E|CS|TAMS 0x00000000c4a00000, 0x00000000c4a00000| Complete 
|  35|0x00000000c4b00000, 0x00000000c4c00000, 0x00000000c4c00000|100%| E|CS|TAMS 0x00000000c4b00000, 0x00000000c4b00000| Complete 
|  36|0x00000000c4c00000, 0x00000000c4d00000, 0x00000000c4d00000|100%| E|CS|TAMS 0x00000000c4c00000, 0x00000000c4c00000| Complete 
|  37|0x00000000c4d00000, 0x00000000c4e00000, 0x00000000c4e00000|100%| E|CS|TAMS 0x00000000c4d00000, 0x00000000c4d00000| Complete 
|  38|0x00000000c4e00000, 0x00000000c4f00000, 0x00000000c4f00000|100%| E|CS|TAMS 0x00000000c4e00000, 0x00000000c4e00000| Complete 
|  39|0x00000000c4f00000, 0x00000000c5000000, 0x00000000c5000000|100%| E|CS|TAMS 0x00000000c4f00000, 0x00000000c4f00000| Complete 
|  40|0x00000000c5000000, 0x00000000c5100000, 0x00000000c5100000|100%| E|CS|TAMS 0x00000000c5000000, 0x00000000c5000000| Complete 
|  41|0x00000000c5100000, 0x00000000c5200000, 0x00000000c5200000|100%| E|CS|TAMS 0x00000000c5100000, 0x00000000c5100000| Complete 
|  42|0x00000000c5200000, 0x00000000c5300000, 0x00000000c5300000|100%| S|CS|TAMS 0x00000000c5200000, 0x00000000c5200000| Complete 
|  43|0x00000000c5300000, 0x00000000c5400000, 0x00000000c5400000|100%| S|CS|TAMS 0x00000000c5300000, 0x00000000c5300000| Complete 
|  44|0x00000000c5400000, 0x00000000c5500000, 0x00000000c5500000|100%| E|CS|TAMS 0x00000000c5400000, 0x00000000c5400000| Complete 
|  45|0x00000000c5500000, 0x00000000c5600000, 0x00000000c5600000|100%| E|CS|TAMS 0x00000000c5500000, 0x00000000c5500000| Complete 
|  46|0x00000000c5600000, 0x00000000c5700000, 0x00000000c5700000|100%| E|CS|TAMS 0x00000000c5600000, 0x00000000c5600000| Complete 
|  47|0x00000000c5700000, 0x00000000c5800000, 0x00000000c5800000|100%| E|CS|TAMS 0x00000000c5700000, 0x00000000c5700000| Complete 
|  48|0x00000000c5800000, 0x00000000c5900000, 0x00000000c5900000|100%| E|CS|TAMS 0x00000000c5800000, 0x00000000c5800000| Complete 
|  49|0x00000000c5900000, 0x00000000c5a00000, 0x00000000c5a00000|100%| E|CS|TAMS 0x00000000c5900000, 0x00000000c5900000| Complete 
|  50|0x00000000c5a00000, 0x00000000c5b00000, 0x00000000c5b00000|100%| E|CS|TAMS 0x00000000c5a00000, 0x00000000c5a00000| Complete 
|  51|0x00000000c5b00000, 0x00000000c5c00000, 0x00000000c5c00000|100%| E|CS|TAMS 0x00000000c5b00000, 0x00000000c5b00000| Complete 
|  52|0x00000000c5c00000, 0x00000000c5d00000, 0x00000000c5d00000|100%| E|CS|TAMS 0x00000000c5c00000, 0x00000000c5c00000| Complete 
|  53|0x00000000c5d00000, 0x00000000c5e00000, 0x00000000c5e00000|100%| E|CS|TAMS 0x00000000c5d00000, 0x00000000c5d00000| Complete 
|  54|0x00000000c5e00000, 0x00000000c5f00000, 0x00000000c5f00000|100%| E|CS|TAMS 0x00000000c5e00000, 0x00000000c5e00000| Complete 
|  55|0x00000000c5f00000, 0x00000000c6000000, 0x00000000c6000000|100%| E|CS|TAMS 0x00000000c5f00000, 0x00000000c5f00000| Complete 
|  61|0x00000000c6500000, 0x00000000c6600000, 0x00000000c6600000|100%| E|CS|TAMS 0x00000000c6500000, 0x00000000c6500000| Complete 

Card table byte_map: [0x0000026074430000,0x0000026074620000] _byte_map_base: 0x0000026073e1c000

Marking Bits (Prev, Next): (CMBitMap*) 0x0000026069bb9d10, (CMBitMap*) 0x0000026069bb9cd0
 Prev Bits: [0x0000026075770000, 0x00000260766d0000)
 Next Bits: [0x0000026074810000, 0x0000026075770000)

Polling page: 0x0000026067b30000

Metaspace:

Usage:
  Non-class:     22.26 MB used.
      Class:      3.63 MB used.
       Both:     25.89 MB used.

Virtual space:
  Non-class space:       64.00 MB reserved,      22.44 MB ( 35%) committed,  1 nodes.
      Class space:        1.00 GB reserved,       3.81 MB ( <1%) committed,  1 nodes.
             Both:        1.06 GB reserved,      26.25 MB (  2%) committed. 

Chunk freelists:
   Non-Class:  9.55 MB
       Class:  12.19 MB
        Both:  21.73 MB

MaxMetaspaceSize: unlimited
CompressedClassSpaceSize: 1.00 GB
Initial GC threshold: 21.00 MB
Current GC threshold: 35.31 MB
CDS: on
MetaspaceReclaimPolicy: balanced
 - commit_granule_bytes: 65536.
 - commit_granule_words: 8192.
 - virtual_space_node_default_size: 8388608.
 - enlarge_chunks_in_place: 1.
 - new_chunks_are_fully_committed: 0.
 - uncommit_free_chunks: 1.
 - use_allocation_guard: 0.
 - handle_deallocations: 1.


Internal statistics:

num_allocs_failed_limit: 3.
num_arena_births: 532.
num_arena_deaths: 0.
num_vsnodes_births: 2.
num_vsnodes_deaths: 0.
num_space_committed: 420.
num_space_uncommitted: 0.
num_chunks_returned_to_freelist: 3.
num_chunks_taken_from_freelist: 1550.
num_chunk_merges: 3.
num_chunk_splits: 1065.
num_chunks_enlarged: 785.
num_inconsistent_stats: 0.

CodeCache: size=49152Kb used=7370Kb max_used=7370Kb free=41781Kb
 bounds [0x0000026071430000, 0x0000026071b70000, 0x0000026074430000]
 total_blobs=4161 nmethods=3648 adapters=439
 compilation: enabled
              stopped_count=0, restarted_count=0
 full_count=0

Compilation events (20 events):
Event: 4.552 Thread 0x0000026078b534d0 nmethod 3639 0x0000026071b5da90 code [0x0000026071b5dc20, 0x0000026071b5dd98]
Event: 4.552 Thread 0x000002607dda7710 nmethod 3638 0x0000026071b5de90 code [0x0000026071b5e0a0, 0x0000026071b5e418]
Event: 4.552 Thread 0x000002607dda7710 3640   !   1       org.springframework.boot.context.properties.source.SpringIterableConfigurationPropertySource$Cache::update (38 bytes)
Event: 4.552 Thread 0x0000026078b534d0 3641       1       org.springframework.boot.context.properties.source.SpringIterableConfigurationPropertySource$Cache::tryUpdate (364 bytes)
Event: 4.552 Thread 0x000002607dda7710 nmethod 3640 0x0000026071b5e610 code [0x0000026071b5e7c0, 0x0000026071b5e968]
Event: 4.554 Thread 0x0000026078b534d0 nmethod 3641 0x0000026071b5ea90 code [0x0000026071b5ed80, 0x0000026071b5fb28]
Event: 4.556 Thread 0x0000026078b534d0 3642       1       org.springframework.core.convert.TypeDescriptor::getResolvableType (5 bytes)
Event: 4.556 Thread 0x0000026078b534d0 nmethod 3642 0x0000026071b60410 code [0x0000026071b605a0, 0x0000026071b60678]
Event: 4.557 Thread 0x0000026078b534d0 3643       1       java.lang.reflect.AccessibleObject::getAnnotations (5 bytes)
Event: 4.557 Thread 0x0000026078b534d0 nmethod 3643 0x0000026071b60710 code [0x0000026071b608a0, 0x0000026071b60988]
Event: 4.557 Thread 0x0000026078b534d0 3644       1       org.springframework.context.support.GenericApplicationContext::getBeanFactory (5 bytes)
Event: 4.558 Thread 0x0000026078b534d0 nmethod 3644 0x0000026071b60a10 code [0x0000026071b60ba0, 0x0000026071b60c78]
Event: 4.558 Thread 0x0000026078b534d0 3646       1       org.springframework.beans.factory.config.DependencyDescriptor::getDependencyType (50 bytes)
Event: 4.558 Thread 0x000002607dda7710 3645       1       org.springframework.core.MethodParameter::getNestedParameterType (138 bytes)
Event: 4.559 Thread 0x0000026078b534d0 nmethod 3646 0x0000026071b60d10 code [0x0000026071b60ee0, 0x0000026071b61158]
Event: 4.559 Thread 0x0000026078b534d0 3647       1       org.springframework.core.MethodParameter::getParameterType (48 bytes)
Event: 4.559 Thread 0x000002607dda7710 nmethod 3645 0x0000026071b61310 code [0x0000026071b61560, 0x0000026071b61c28]
Event: 4.559 Thread 0x0000026078b534d0 nmethod 3647 0x0000026071b61f10 code [0x0000026071b620e0, 0x0000026071b62338]
Event: 4.567 Thread 0x000002607dda7710 3648       1       org.springframework.core.annotation.AnnotationsScanner::isOverride (49 bytes)
Event: 4.568 Thread 0x000002607dda7710 nmethod 3648 0x0000026071b62490 code [0x0000026071b62660, 0x0000026071b628e8]

GC Heap History (12 events):
Event: 0.659 GC heap before
{Heap before GC invocations=0 (full 0):
 garbage-first heap   total 63488K, used 14336K [0x00000000c2800000, 0x0000000100000000)
  region size 1024K, 13 young (13312K), 0 survivors (0K)
 Metaspace       used 2698K, committed 2880K, reserved 1114112K
  class space    used 341K, committed 448K, reserved 1048576K
}
Event: 0.666 GC heap after
{Heap after GC invocations=1 (full 0):
 garbage-first heap   total 63488K, used 6628K [0x00000000c2800000, 0x0000000100000000)
  region size 1024K, 2 young (2048K), 2 survivors (2048K)
 Metaspace       used 2698K, committed 2880K, reserved 1114112K
  class space    used 341K, committed 448K, reserved 1048576K
}
Event: 1.038 GC heap before
{Heap before GC invocations=1 (full 0):
 garbage-first heap   total 63488K, used 17892K [0x00000000c2800000, 0x0000000100000000)
  region size 1024K, 13 young (13312K), 2 survivors (2048K)
 Metaspace       used 5430K, committed 5632K, reserved 1114112K
  class space    used 750K, committed 832K, reserved 1048576K
}
Event: 1.044 GC heap after
{Heap after GC invocations=2 (full 0):
 garbage-first heap   total 63488K, used 7753K [0x00000000c2800000, 0x0000000100000000)
  region size 1024K, 1 young (1024K), 1 survivors (1024K)
 Metaspace       used 5430K, committed 5632K, reserved 1114112K
  class space    used 750K, committed 832K, reserved 1048576K
}
Event: 1.537 GC heap before
{Heap before GC invocations=2 (full 0):
 garbage-first heap   total 63488K, used 28233K [0x00000000c2800000, 0x0000000100000000)
  region size 1024K, 21 young (21504K), 1 survivors (1024K)
 Metaspace       used 9965K, committed 10304K, reserved 1114112K
  class space    used 1401K, committed 1536K, reserved 1048576K
}
Event: 1.540 GC heap after
{Heap after GC invocations=3 (full 0):
 garbage-first heap   total 63488K, used 9000K [0x00000000c2800000, 0x0000000100000000)
  region size 1024K, 3 young (3072K), 3 survivors (3072K)
 Metaspace       used 9965K, committed 10304K, reserved 1114112K
  class space    used 1401K, committed 1536K, reserved 1048576K
}
Event: 1.902 GC heap before
{Heap before GC invocations=3 (full 0):
 garbage-first heap   total 63488K, used 38696K [0x00000000c2800000, 0x0000000100000000)
  region size 1024K, 33 young (33792K), 3 survivors (3072K)
 Metaspace       used 16217K, committed 16576K, reserved 1114112K
  class space    used 2214K, committed 2368K, reserved 1048576K
}
Event: 1.909 GC heap after
{Heap after GC invocations=4 (full 0):
 garbage-first heap   total 63488K, used 12395K [0x00000000c2800000, 0x0000000100000000)
  region size 1024K, 5 young (5120K), 5 survivors (5120K)
 Metaspace       used 16217K, committed 16576K, reserved 1114112K
  class space    used 2214K, committed 2368K, reserved 1048576K
}
Event: 3.026 GC heap before
{Heap before GC invocations=4 (full 0):
 garbage-first heap   total 63488K, used 40043K [0x00000000c2800000, 0x0000000100000000)
  region size 1024K, 32 young (32768K), 5 survivors (5120K)
 Metaspace       used 18889K, committed 19264K, reserved 1114112K
  class space    used 2594K, committed 2752K, reserved 1048576K
}
Event: 3.042 GC heap after
{Heap after GC invocations=5 (full 0):
 garbage-first heap   total 63488K, used 14475K [0x00000000c2800000, 0x0000000100000000)
  region size 1024K, 3 young (3072K), 3 survivors (3072K)
 Metaspace       used 18889K, committed 19264K, reserved 1114112K
  class space    used 2594K, committed 2752K, reserved 1048576K
}
Event: 3.531 GC heap before
{Heap before GC invocations=5 (full 0):
 garbage-first heap   total 63488K, used 31883K [0x00000000c2800000, 0x0000000100000000)
  region size 1024K, 21 young (21504K), 3 survivors (3072K)
 Metaspace       used 21179K, committed 21504K, reserved 1114112K
  class space    used 2944K, committed 3072K, reserved 1048576K
}
Event: 3.540 GC heap after
{Heap after GC invocations=6 (full 0):
 garbage-first heap   total 63488K, used 16375K [0x00000000c2800000, 0x0000000100000000)
  region size 1024K, 2 young (2048K), 2 survivors (2048K)
 Metaspace       used 21179K, committed 21504K, reserved 1114112K
  class space    used 2944K, committed 3072K, reserved 1048576K
}

Deoptimization events (4 events):
Event: 4.360 Thread 0x0000026069b73460 DEOPT PACKING pc=0x0000026071714501 sp=0x000000c8de8fe620
Event: 4.360 Thread 0x0000026069b73460 DEOPT UNPACKING pc=0x0000026071482b43 sp=0x000000c8de8fdab0 mode 3
Event: 4.362 Thread 0x000002607e142a40 DEOPT PACKING pc=0x00000260717b9e97 sp=0x000000c8dffff310
Event: 4.362 Thread 0x000002607e142a40 DEOPT UNPACKING pc=0x0000026071482b43 sp=0x000000c8dfffe768 mode 3

Classes unloaded (0 events):
No events

Classes redefined (0 events):
No events

Internal exceptions (20 events):
Event: 3.455 Thread 0x0000026069b73460 Exception <a 'java/lang/NoClassDefFoundError'{0x00000000c57bea38}: org/quartz/Scheduler> (0x00000000c57bea38) 
thrown [s\open\src\hotspot\share\classfile\systemDictionary.cpp, line 245]
Event: 3.455 Thread 0x0000026069b73460 Exception <a 'java/lang/NoClassDefFoundError'{0x00000000c57c0ee0}: org/springframework/session/jdbc/JdbcIndexedSessionRepository> (0x00000000c57c0ee0) 
thrown [s\open\src\hotspot\share\classfile\systemDictionary.cpp, line 245]
Event: 3.489 Thread 0x0000026069b73460 Exception <a 'java/lang/NoSuchMethodError'{0x00000000c5504710}: 'void java.lang.invoke.DirectMethodHandle$Holder.invokeSpecial(java.lang.Object, java.lang.Object, java.lang.Object, java.lang.Object, java.lang.Object, java.lang.Object)'> (0x00000000c5504710) 
thrown [s\open\src\hotspot\share\interpreter\linkResolver.cpp, line 759]
Event: 3.569 Thread 0x0000026069b73460 Exception <a 'java/lang/NoSuchMethodError'{0x00000000c65e7ee0}: 'java.lang.Object java.lang.invoke.DirectMethodHandle$Holder.invokeSpecialIFC(java.lang.Object, java.lang.Object, java.lang.Object)'> (0x00000000c65e7ee0) 
thrown [s\open\src\hotspot\share\interpreter\linkResolver.cpp, line 759]
Event: 3.657 Thread 0x0000026069b73460 Exception <a 'java/lang/NoSuchMethodError'{0x00000000c5b0dfd8}: 'void java.lang.invoke.DirectMethodHandle$Holder.invokeInterface(java.lang.Object, java.lang.Object, int)'> (0x00000000c5b0dfd8) 
thrown [s\open\src\hotspot\share\interpreter\linkResolver.cpp, line 759]
Event: 3.659 Thread 0x0000026069b73460 Exception <a 'java/lang/IncompatibleClassChangeError'{0x00000000c5b5dd78}: Found class java.lang.Object, but interface was expected> (0x00000000c5b5dd78) 
thrown [s\open\src\hotspot\share\interpreter\linkResolver.cpp, line 826]
Event: 3.660 Thread 0x0000026069b73460 Exception <a 'java/lang/NoSuchMethodError'{0x00000000c5b6e938}: 'int java.lang.invoke.DirectMethodHandle$Holder.invokeSpecialIFC(java.lang.Object, java.lang.Object, java.lang.Object)'> (0x00000000c5b6e938) 
thrown [s\open\src\hotspot\share\interpreter\linkResolver.cpp, line 759]
Event: 3.663 Thread 0x0000026069b73460 Exception <a 'java/lang/NoSuchMethodError'{0x00000000c5b87178}: 'void java.lang.invoke.DirectMethodHandle$Holder.invokeStatic(java.lang.Object, int, java.lang.Object)'> (0x00000000c5b87178) 
thrown [s\open\src\hotspot\share\interpreter\linkResolver.cpp, line 759]
Event: 3.666 Thread 0x0000026069b73460 Exception <a 'java/lang/NoSuchMethodError'{0x00000000c5bb9990}: 'int java.lang.invoke.DirectMethodHandle$Holder.invokeSpecial(java.lang.Object, java.lang.Object, int)'> (0x00000000c5bb9990) 
thrown [s\open\src\hotspot\share\interpreter\linkResolver.cpp, line 759]
Event: 3.668 Thread 0x0000026069b73460 Exception <a 'java/lang/NoSuchMethodError'{0x00000000c5bc8818}: 'void java.lang.invoke.DirectMethodHandle$Holder.invokeVirtual(java.lang.Object, java.lang.Object, int)'> (0x00000000c5bc8818) 
thrown [s\open\src\hotspot\share\interpreter\linkResolver.cpp, line 759]
Event: 3.669 Thread 0x0000026069b73460 Exception <a 'java/lang/NoSuchMethodError'{0x00000000c5bcea60}: 'void java.lang.invoke.DirectMethodHandle$Holder.invokeStatic(java.lang.Object, java.lang.Object, java.lang.Object, int, java.lang.Object)'> (0x00000000c5bcea60) 
thrown [s\open\src\hotspot\share\interpreter\linkResolver.cpp, line 759]
Event: 3.669 Thread 0x0000026069b73460 Exception <a 'java/lang/NoSuchMethodError'{0x00000000c5bd5f68}: 'java.lang.Object java.lang.invoke.DirectMethodHandle$Holder.newInvokeSpecial(java.lang.Object, java.lang.Object, java.lang.Object, int)'> (0x00000000c5bd5f68) 
thrown [s\open\src\hotspot\share\interpreter\linkResolver.cpp, line 759]
Event: 3.669 Thread 0x0000026069b73460 Exception <a 'java/lang/NoSuchMethodError'{0x00000000c5bda250}: 'java.lang.Object java.lang.invoke.DirectMethodHandle$Holder.invokeSpecial(java.lang.Object, java.lang.Object, java.lang.Object, java.lang.Object, int)'> (0x00000000c5bda250) 
thrown [s\open\src\hotspot\share\interpreter\linkResolver.cpp, line 759]
Event: 3.669 Thread 0x0000026069b73460 Exception <a 'java/lang/NoSuchMethodError'{0x00000000c5bdde18}: 'java.lang.Object java.lang.invoke.Invokers$Holder.linkToTargetMethod(java.lang.Object, java.lang.Object, int, java.lang.Object)'> (0x00000000c5bdde18) 
thrown [s\open\src\hotspot\share\interpreter\linkResolver.cpp, line 759]
Event: 3.756 Thread 0x0000026069b73460 Exception <a 'java/lang/NoSuchMethodError'{0x00000000c57809d8}: 'java.lang.Object java.lang.invoke.DirectMethodHandle$Holder.invokeStaticInit(java.lang.Object, int, int, int, int)'> (0x00000000c57809d8) 
thrown [s\open\src\hotspot\share\interpreter\linkResolver.cpp, line 759]
Event: 3.826 Thread 0x0000026069b73460 Exception <a 'java/lang/NoSuchMethodError'{0x00000000c565e010}: 'java.lang.Object java.lang.invoke.DirectMethodHandle$Holder.invokeStaticInit(java.lang.Object, java.lang.Object, int, int, int, int)'> (0x00000000c565e010) 
thrown [s\open\src\hotspot\share\interpreter\linkResolver.cpp, line 759]
Event: 4.133 Thread 0x0000026069b73460 Exception <a 'java/io/FileNotFoundException'{0x00000000c4ec87f8}> (0x00000000c4ec87f8) 
thrown [s\open\src\hotspot\share\prims\jni.cpp, line 516]
Event: 4.275 Thread 0x0000026069b73460 Exception <a 'java/lang/NoSuchMethodError'{0x00000000c4bcbc08}: 'int java.lang.invoke.DirectMethodHandle$Holder.invokeInterface(java.lang.Object, java.lang.Object, java.lang.Object, java.lang.Object)'> (0x00000000c4bcbc08) 
thrown [s\open\src\hotspot\share\interpreter\linkResolver.cpp, line 759]
Event: 4.340 Thread 0x0000026069b73460 Exception <a 'java/lang/NoSuchMethodError'{0x00000000c4823b60}: 'long java.lang.invoke.DirectMethodHandle$Holder.invokeVirtual(java.lang.Object, java.lang.Object)'> (0x00000000c4823b60) 
thrown [s\open\src\hotspot\share\interpreter\linkResolver.cpp, line 759]
Event: 4.377 Thread 0x0000026069b73460 Exception <a 'java/lang/NoSuchMethodError'{0x00000000c47dd880}: 'void java.lang.invoke.DirectMethodHandle$Holder.invokeVirtual(java.lang.Object, java.lang.Object, long)'> (0x00000000c47dd880) 
thrown [s\open\src\hotspot\share\interpreter\linkResolver.cpp, line 759]

VM Operations (20 events):
Event: 3.735 Executing VM operation: HandshakeAllThreads
Event: 3.735 Executing VM operation: HandshakeAllThreads done
Event: 3.777 Executing VM operation: HandshakeAllThreads
Event: 3.777 Executing VM operation: HandshakeAllThreads done
Event: 3.982 Executing VM operation: HandshakeAllThreads
Event: 3.982 Executing VM operation: HandshakeAllThreads done
Event: 4.003 Executing VM operation: HandshakeAllThreads
Event: 4.003 Executing VM operation: HandshakeAllThreads done
Event: 4.108 Executing VM operation: HandshakeAllThreads
Event: 4.108 Executing VM operation: HandshakeAllThreads done
Event: 4.231 Executing VM operation: HandshakeAllThreads
Event: 4.231 Executing VM operation: HandshakeAllThreads done
Event: 4.301 Executing VM operation: HandshakeAllThreads
Event: 4.301 Executing VM operation: HandshakeAllThreads done
Event: 4.350 Executing VM operation: HandshakeAllThreads
Event: 4.350 Executing VM operation: HandshakeAllThreads done
Event: 4.418 Executing VM operation: HandshakeAllThreads
Event: 4.418 Executing VM operation: HandshakeAllThreads done
Event: 4.554 Executing VM operation: HandshakeAllThreads
Event: 4.554 Executing VM operation: HandshakeAllThreads done

Events (20 events):
Event: 4.358 loading class java/util/concurrent/locks/AbstractQueuedSynchronizer$Node done
Event: 4.358 loading class java/util/concurrent/locks/AbstractQueuedSynchronizer$ConditionNode done
Event: 4.358 loading class java/util/concurrent/locks/AbstractQueuedSynchronizer$ExclusiveNode
Event: 4.358 loading class java/util/concurrent/locks/AbstractQueuedSynchronizer$ExclusiveNode done
Event: 4.358 loading class java/lang/invoke/DirectMethodHandle$Special
Event: 4.360 loading class java/lang/invoke/DirectMethodHandle$Special done
Event: 4.364 Thread 0x000002607e1d0310 Thread added: 0x000002607e1d0310
Event: 4.378 loading class java/util/concurrent/CompletableFuture
Event: 4.379 loading class java/util/concurrent/CompletionStage
Event: 4.379 loading class java/util/concurrent/CompletionStage done
Event: 4.379 loading class java/util/concurrent/CompletableFuture done
Event: 4.383 loading class sun/reflect/misc/ReflectUtil
Event: 4.383 loading class sun/reflect/misc/ReflectUtil done
Event: 4.417 loading class java/util/concurrent/Executors$FinalizableDelegatedExecutorService
Event: 4.418 loading class java/util/concurrent/Executors$DelegatedExecutorService
Event: 4.418 loading class java/util/concurrent/Executors$DelegatedExecutorService done
Event: 4.418 loading class java/util/concurrent/Executors$FinalizableDelegatedExecutorService done
Event: 4.418 Thread 0x000002607e1d07f0 Thread added: 0x000002607e1d07f0
Event: 4.675 loading class javax/naming/Referenceable
Event: 4.675 loading class javax/naming/Referenceable done


Dynamic libraries:
0x00007ff78beb0000 - 0x00007ff78bec0000 	C:\Program Files\Java\jdk-17\bin\java.exe
0x00007ffb6f060000 - 0x00007ffb6f2c5000 	C:\WINDOWS\SYSTEM32\ntdll.dll
0x00007ffb6d450000 - 0x00007ffb6d519000 	C:\WINDOWS\System32\KERNEL32.DLL
0x00007ffb6c330000 - 0x00007ffb6c718000 	C:\WINDOWS\System32\KERNELBASE.dll
0x00007ffb6c1b0000 - 0x00007ffb6c2fb000 	C:\WINDOWS\System32\ucrtbase.dll
0x00007ffb61460000 - 0x00007ffb61479000 	C:\Program Files\Java\jdk-17\bin\jli.dll
0x00007ffb6ce00000 - 0x00007ffb6ceb3000 	C:\WINDOWS\System32\ADVAPI32.dll
0x00007ffb6d3a0000 - 0x00007ffb6d449000 	C:\WINDOWS\System32\msvcrt.dll
0x00007ffb6d230000 - 0x00007ffb6d2d6000 	C:\WINDOWS\System32\sechost.dll
0x00007ffb655a0000 - 0x00007ffb655bb000 	C:\Program Files\Java\jdk-17\bin\VCRUNTIME140.dll
0x00007ffb6ed10000 - 0x00007ffb6ee25000 	C:\WINDOWS\System32\RPCRT4.dll
0x00007ffb6eac0000 - 0x00007ffb6ec8a000 	C:\WINDOWS\System32\USER32.dll
0x00007ffb6c300000 - 0x00007ffb6c327000 	C:\WINDOWS\System32\win32u.dll
0x00007ffb6d370000 - 0x00007ffb6d39b000 	C:\WINDOWS\System32\GDI32.dll
0x00007ffb6c7c0000 - 0x00007ffb6c8f7000 	C:\WINDOWS\System32\gdi32full.dll
0x00007ffb6cd50000 - 0x00007ffb6cdf3000 	C:\WINDOWS\System32\msvcp_win.dll
0x00007ffb4d180000 - 0x00007ffb4d41a000 	C:\WINDOWS\WinSxS\amd64_microsoft.windows.common-controls_6595b64144ccf1df_6.0.26100.4202_none_3e0698d4e335f517\COMCTL32.dll
0x00007ffb62a70000 - 0x00007ffb62a7b000 	C:\WINDOWS\SYSTEM32\VERSION.dll
0x00007ffb6e190000 - 0x00007ffb6e1c0000 	C:\WINDOWS\System32\IMM32.DLL
0x00007ffb65b60000 - 0x00007ffb65b6c000 	C:\Program Files\Java\jdk-17\bin\vcruntime140_1.dll
0x00007ffb46d30000 - 0x00007ffb46dbe000 	C:\Program Files\Java\jdk-17\bin\msvcp140.dll
0x00007ffabf300000 - 0x00007ffabfee0000 	C:\Program Files\Java\jdk-17\bin\server\jvm.dll
0x00007ffb6ec90000 - 0x00007ffb6ec98000 	C:\WINDOWS\System32\PSAPI.DLL
0x00007ffae9540000 - 0x00007ffae954a000 	C:\WINDOWS\SYSTEM32\WSOCK32.dll
0x00007ffb51cc0000 - 0x00007ffb51cf5000 	C:\WINDOWS\SYSTEM32\WINMM.dll
0x00007ffb6e110000 - 0x00007ffb6e184000 	C:\WINDOWS\System32\WS2_32.dll
0x00007ffb6af70000 - 0x00007ffb6af8b000 	C:\WINDOWS\SYSTEM32\kernel.appcore.dll
0x00007ffb65990000 - 0x00007ffb6599a000 	C:\Program Files\Java\jdk-17\bin\jimage.dll
0x00007ffb69960000 - 0x00007ffb69ba1000 	C:\WINDOWS\SYSTEM32\DBGHELP.DLL
0x00007ffb6e710000 - 0x00007ffb6ea95000 	C:\WINDOWS\System32\combase.dll
0x00007ffb6d040000 - 0x00007ffb6d121000 	C:\WINDOWS\System32\OLEAUT32.dll
0x00007ffb42f70000 - 0x00007ffb42fa9000 	C:\WINDOWS\SYSTEM32\dbgcore.DLL
0x00007ffb6c720000 - 0x00007ffb6c7b9000 	C:\WINDOWS\System32\bcryptPrimitives.dll
0x00007ffb606a0000 - 0x00007ffb606c5000 	C:\Program Files\Java\jdk-17\bin\java.dll
0x00007ffb40570000 - 0x00007ffb40647000 	C:\Program Files\Java\jdk-17\bin\jsvml.dll
0x00007ffb6d880000 - 0x00007ffb6dfc2000 	C:\WINDOWS\System32\SHELL32.dll
0x00007ffb6cbd0000 - 0x00007ffb6cd44000 	C:\WINDOWS\System32\wintypes.dll
0x00007ffb69e50000 - 0x00007ffb6a6a8000 	C:\WINDOWS\SYSTEM32\windows.storage.dll
0x00007ffb6d130000 - 0x00007ffb6d221000 	C:\WINDOWS\System32\SHCORE.dll
0x00007ffb6eca0000 - 0x00007ffb6ed0a000 	C:\WINDOWS\System32\shlwapi.dll
0x00007ffb6c0c0000 - 0x00007ffb6c0ef000 	C:\WINDOWS\SYSTEM32\profapi.dll
0x00007ffb610a0000 - 0x00007ffb610b9000 	C:\Program Files\Java\jdk-17\bin\net.dll
0x00007ffb63aa0000 - 0x00007ffb63bbe000 	C:\WINDOWS\SYSTEM32\WINHTTP.dll
0x00007ffb6b4e0000 - 0x00007ffb6b54a000 	C:\WINDOWS\system32\mswsock.dll
0x00007ffb60af0000 - 0x00007ffb60b06000 	C:\Program Files\Java\jdk-17\bin\nio.dll
0x00007ffb58670000 - 0x00007ffb58688000 	C:\Program Files\Java\jdk-17\bin\zip.dll
0x00007ffb60bc0000 - 0x00007ffb60bce000 	C:\Program Files\Java\jdk-17\bin\sunmscapi.dll
0x00007ffb6ca50000 - 0x00007ffb6cbc7000 	C:\WINDOWS\System32\CRYPT32.dll
0x00007ffb6b9b0000 - 0x00007ffb6b9e0000 	C:\WINDOWS\SYSTEM32\ncrypt.dll
0x00007ffb6b960000 - 0x00007ffb6b99f000 	C:\WINDOWS\SYSTEM32\NTASN1.dll
0x00007ffb6b7a0000 - 0x00007ffb6b7bb000 	C:\WINDOWS\SYSTEM32\CRYPTSP.dll
0x00007ffb6aed0000 - 0x00007ffb6af0a000 	C:\WINDOWS\system32\rsaenh.dll
0x00007ffb6b580000 - 0x00007ffb6b5ab000 	C:\WINDOWS\SYSTEM32\USERENV.dll
0x00007ffb6c090000 - 0x00007ffb6c0b6000 	C:\WINDOWS\SYSTEM32\bcrypt.dll
0x00007ffb6b790000 - 0x00007ffb6b79c000 	C:\WINDOWS\SYSTEM32\CRYPTBASE.dll
0x00007ffb6a9f0000 - 0x00007ffb6aa23000 	C:\WINDOWS\SYSTEM32\IPHLPAPI.DLL
0x00007ffb6d360000 - 0x00007ffb6d36a000 	C:\WINDOWS\System32\NSI.dll
0x00007ffb63a70000 - 0x00007ffb63a8f000 	C:\WINDOWS\SYSTEM32\dhcpcsvc6.DLL
0x00007ffb63a40000 - 0x00007ffb63a65000 	C:\WINDOWS\SYSTEM32\dhcpcsvc.DLL
0x00007ffb6aa90000 - 0x00007ffb6abb7000 	C:\WINDOWS\SYSTEM32\DNSAPI.dll
0x00007ffb60b30000 - 0x00007ffb60b3a000 	C:\Program Files\Java\jdk-17\bin\management.dll
0x00007ffb60710000 - 0x00007ffb6071b000 	C:\Program Files\Java\jdk-17\bin\management_ext.dll

dbghelp: loaded successfully - version: 4.0.5 - missing functions: none
symbol engine: initialized successfully - sym options: 0x614 - pdb path: .;C:\Program Files\Java\jdk-17\bin;C:\WINDOWS\SYSTEM32;C:\WINDOWS\WinSxS\amd64_microsoft.windows.common-controls_6595b64144ccf1df_6.0.26100.4202_none_3e0698d4e335f517;C:\Program Files\Java\jdk-17\bin\server

VM Arguments:
jvm_args: -XX:TieredStopAtLevel=1 
java_command: com.example.CatalogoDeLivro.CatalogoDeLivro.CatalogoDeLivroApplication
java_class_path (initial): C:\Users\famil\Downloads\CatalogoDeLivro\CatalogoDeLivro\target\classes;C:\Users\famil\.m2\repository\org\springframework\boot\spring-boot\3.5.0\spring-boot-3.5.0.jar;C:\Users\famil\.m2\repository\org\springframework\boot\spring-boot-autoconfigure\3.5.0\spring-boot-autoconfigure-3.5.0.jar;C:\Users\famil\.m2\repository\ch\qos\logback\logback-classic\1.5.18\logback-classic-1.5.18.jar;C:\Users\famil\.m2\repository\ch\qos\logback\logback-core\1.5.18\logback-core-1.5.18.jar;C:\Users\famil\.m2\repository\org\apache\logging\log4j\log4j-to-slf4j\2.24.3\log4j-to-slf4j-2.24.3.jar;C:\Users\famil\.m2\repository\org\apache\logging\log4j\log4j-api\2.24.3\log4j-api-2.24.3.jar;C:\Users\famil\.m2\repository\org\slf4j\jul-to-slf4j\2.0.17\jul-to-slf4j-2.0.17.jar;C:\Users\famil\.m2\repository\jakarta\annotation\jakarta.annotation-api\2.1.1\jakarta.annotation-api-2.1.1.jar;C:\Users\famil\.m2\repository\org\yaml\snakeyaml\2.4\snakeyaml-2.4.jar;C:\Users\famil\.m2\repository\com\zaxxer\HikariCP\6.3.0\HikariCP-6.3.0.jar;C:\Users\famil\.m2\repository\org\springframework\spring-jdbc\6.2.7\spring-jdbc-6.2.7.jar;C:\Users\famil\.m2\repository\org\hibernate\orm\hibernate-core\6.6.15.Final\hibernate-core-6.6.15.Final.jar;C:\Users\famil\.m2\repository\jakarta\persistence\jakarta.persistence-api\3.1.0\jakarta.persistence-api-3.1.0.jar;C:\Users\famil\.m2\repository\jakarta\transaction\jakarta.transaction-api\2.0.1\jakarta.transaction-api-2.0.1.jar;C:\Users\famil\.m2\repository\org\jboss\logging\jboss-logging\3.6.1.Final\jboss-logging-3.6.1.Final.jar;C:\Users\famil\.m2\repository\org\hibernate\common\hibernate-commons-annotations\7.0.3.Final\hibernate-commons-annotations-7.0.3.Final.jar;C:\Users\famil\.m2\repository\io\smallrye\jandex\3.2.0\jandex-3.2.0.jar;C:\Users\famil\.m2\repository\com\fasterxml\classmate\1.7.0\classmate-1.7.0.jar;C:\Users\famil\.m2\repository\net\bytebuddy\byte-buddy\1.17.5\byte-buddy-1.17.5.jar;C:\Users\famil\.m2\repository\org\glassfish\jaxb\jaxb-r
Launcher Type: SUN_STANDARD

[Global flags]
     intx CICompilerCount                          = 3                                         {product} {ergonomic}
     uint ConcGCThreads                            = 1                                         {product} {ergonomic}
     uint G1ConcRefinementThreads                  = 4                                         {product} {ergonomic}
   size_t G1HeapRegionSize                         = 1048576                                   {product} {ergonomic}
    uintx GCDrainStackTargetSize                   = 64                                        {product} {ergonomic}
   size_t InitialHeapSize                          = 65011712                                  {product} {ergonomic}
   size_t MarkStackSize                            = 4194304                                   {product} {ergonomic}
   size_t MaxHeapSize                              = 1031798784                                {product} {ergonomic}
   size_t MaxNewSize                               = 618659840                                 {product} {ergonomic}
   size_t MinHeapDeltaBytes                        = 1048576                                   {product} {ergonomic}
   size_t MinHeapSize                              = 8388608                                   {product} {ergonomic}
    uintx NonProfiledCodeHeapSize                  = 0                                      {pd product} {ergonomic}
     bool ProfileInterpreter                       = false                                  {pd product} {command line}
    uintx ProfiledCodeHeapSize                     = 0                                      {pd product} {ergonomic}
   size_t SoftMaxHeapSize                          = 1031798784                             {manageable} {ergonomic}
     intx TieredStopAtLevel                        = 1                                         {product} {command line}
     bool UseCompressedClassPointers               = true                           {product lp64_product} {ergonomic}
     bool UseCompressedOops                        = true                           {product lp64_product} {ergonomic}
     bool UseG1GC                                  = true                                      {product} {ergonomic}
     bool UseLargePagesIndividualAllocation        = false                                  {pd product} {ergonomic}

Logging:
Log output configuration:
 #0: stdout all=warning uptime,level,tags
 #1: stderr all=off uptime,level,tags

Environment Variables:
JAVA_HOME=C:\Program Files\Java\jdk-17
PATH=C:\Program Files\Common Files\Oracle\Java\javapath;C:\Program Files\Java\jdk-17\bin;C:\WINDOWS\system32;C:\WINDOWS;C:\WINDOWS\System32\Wbem;C:\WINDOWS\System32\WindowsPowerShell\v1.0\;C:\WINDOWS\System32\OpenSSH\;C:\Program Files (x86)\Microsoft SQL Server\160\Tools\Binn\;C:\Program Files\Microsoft SQL Server\160\Tools\Binn\;C:\Program Files\Microsoft SQL Server\Client SDK\ODBC\170\Tools\Binn\;C:\Program Files\Microsoft SQL Server\160\DTS\Binn\;C:\Program Files (x86)\Microsoft SQL Server\160\DTS\Binn\;C:\apache-maven-3.9.9\bin;C:\Program Files\Java\jdk-24\bin;C:\Program Files\Git\cmd;C:\Users\famil\AppData\Local\Programs\Python\Launcher\;C:\Users\famil\AppData\Local\Microsoft\WindowsApps;C:\Users\famil\AppData\Local\Programs\Microsoft VS Code\bin;C:\Program Files\JetBrains\IntelliJ IDEA 2024.3.2.2\bin;;C:\Program Files\Java\jdk-17\bin;
USERNAME=famil
LANG=pt_BR.UTF-8
OS=Windows_NT
PROCESSOR_IDENTIFIER=Intel64 Family 6 Model 142 Stepping 12, GenuineIntel



---------------  S Y S T E M  ---------------

OS:
 Windows 11 , 64 bit Build 26100 (10.0.26100.4202)
OS uptime: 2 days 4:14 hours

CPU: total 4 (initial active 4) (2 cores per cpu, 2 threads per core) family 6 model 142 stepping 12 microcode 0xea, cx8, cmov, fxsr, ht, mmx, 3dnowpref, sse, sse2, sse3, ssse3, sse4.1, sse4.2, popcnt, lzcnt, tsc, tscinvbit, avx, avx2, aes, erms, clmul, bmi1, bmi2, adx, fma, vzeroupper, clflush, clflushopt

Memory: 4k page, system-wide physical 3930M (157M free)
TotalPageFile size 16218M (AvailPageFile size 1M)
current process WorkingSet (physical memory assigned to process): 132M, peak: 132M
current process commit charge ("private bytes"): 171M, peak: 171M

vm_info: Java HotSpot(TM) 64-Bit Server VM (17.0.12+8-LTS-286) for windows-amd64 JRE (17.0.12+8-LTS-286), built on Jun  5 2024 06:46:59 by "mach5one" with MS VC++ 17.6 (VS2022)

END.
